Using pre-set license
Built from '2020.3/staging' branch; Version is '2020.3.4f1 (0abb6314276a) revision 703331'; Using compiler version '192528614'; Build Type 'Release'
OS: 'Windows 10 Home; OS build 19043.1288; Version 2009; 64bit' Language: 'en' Physical Memory: 16267 MB
BatchMode: 1, IsHumanControllingUs: 0, StartBugReporterOnCrash: 0, Is64bit: 1, IsPro: 0

 COMMAND LINE ARGUMENTS:
C:\Program Files\Unity\Hub\Editor\2020.3.4f1\Editor\Unity.exe
-adb2
-batchMode
-noUpm
-name
AssetImportWorker1
-projectPath
D:/Laf Games/Ant Shepherd
-logFile
Logs/AssetImportWorker1.log
-srvPort
60240
Successfully changed project path to: D:/Laf Games/Ant Shepherd
D:/Laf Games/Ant Shepherd
Using Asset Import Pipeline V2.
Refreshing native plugins compatible for Editor in 64.48 ms, found 1 plugins.
Preloading 0 native plugins for Editor in 0.00 ms.
Initialize engine version: 2020.3.4f1 (0abb6314276a)
[Subsystems] Discovering subsystems at path C:/Program Files/Unity/Hub/Editor/2020.3.4f1/Editor/Data/Resources/UnitySubsystems
[Subsystems] Discovering subsystems at path D:/Laf Games/Ant Shepherd/Assets
GfxDevice: creating device client; threaded=0
Direct3D:
    Version:  Direct3D 11.0 [level 11.1]
    Renderer: NVIDIA GeForce GTX 1050 (ID=0x1c8d)
    Vendor:   
    VRAM:     4019 MB
    Driver:   30.0.14.9613
Shader 'Universal Render Pipeline/Particles/Lit': fallback shader 'Universal Render Pipeline/Particles/SimpleLit' not found
Initialize mono
Mono path[0] = 'C:/Program Files/Unity/Hub/Editor/2020.3.4f1/Editor/Data/Managed'
Mono path[1] = 'C:/Program Files/Unity/Hub/Editor/2020.3.4f1/Editor/Data/MonoBleedingEdge/lib/mono/unityjit'
Mono config path = 'C:/Program Files/Unity/Hub/Editor/2020.3.4f1/Editor/Data/MonoBleedingEdge/etc'
Using monoOptions --debugger-agent=transport=dt_socket,embedding=1,server=y,suspend=n,address=127.0.0.1:56852
Begin MonoManager ReloadAssembly
Registering precompiled unity dll's ...
Register platform support module: C:/Program Files/Unity/Hub/Editor/2020.3.4f1/Editor/Data/PlaybackEngines/WebGLSupport/UnityEditor.WebGL.Extensions.dll
Register platform support module: C:/Program Files/Unity/Hub/Editor/2020.3.4f1/Editor/Data/PlaybackEngines/WindowsStandaloneSupport/UnityEditor.WindowsStandalone.Extensions.dll
Registered in 0.003418 seconds.
Native extension for WindowsStandalone target not found
Native extension for WebGL target not found
Refreshing native plugins compatible for Editor in 64.57 ms, found 1 plugins.
Preloading 0 native plugins for Editor in 0.00 ms.
Mono: successfully reloaded assembly
- Completed reload, in  3.569 seconds
Platform modules already initialized, skipping
Registering precompiled user dll's ...
Registered in 0.002156 seconds.
Begin MonoManager ReloadAssembly
Native extension for WindowsStandalone target not found
Native extension for WebGL target not found
Refreshing native plugins compatible for Editor in 64.49 ms, found 1 plugins.
Preloading 0 native plugins for Editor in 0.00 ms.
Mono: successfully reloaded assembly
- Completed reload, in  1.097 seconds
Platform modules already initialized, skipping
========================================================================
Worker process is ready to serve import requests
Shader 'Universal Render Pipeline/Particles/Lit': fallback shader 'Universal Render Pipeline/Particles/SimpleLit' not found
Launched and connected shader compiler UnityShaderCompiler.exe after 0.10 seconds
Refreshing native plugins compatible for Editor in 0.49 ms, found 1 plugins.
Preloading 0 native plugins for Editor in 0.00 ms.
Unloading 2969 Unused Serialized files (Serialized files now loaded: 0)
System memory in use before: 130.1 MB.
System memory in use after: 130.2 MB.

Unloading 27 unused Assets to reduce memory usage. Loaded Objects now: 3416.
Total: 3.750600 ms (FindLiveObjects: 0.450800 ms CreateObjectMapping: 0.806200 ms MarkObjects: 2.296300 ms  DeleteObjects: 0.195800 ms)

========================================================================
Received Import Request.
  path: Assets/Textures/Game/Mushroom.png
  artifactKey: Guid(491ee452beb86404db2dc0170b3bd132) Importer(815301076,1909f56bfc062723c751e8b465ee728b)
Start importing Assets/Textures/Game/Mushroom.png using Guid(491ee452beb86404db2dc0170b3bd132) Importer(815301076,1909f56bfc062723c751e8b465ee728b)  -> (artifact id: '27c1b04445532bbe352c188fd5f24660') in 0.179320 seconds
  Import took 0.184149 seconds .

========================================================================
Received Import Request.
  Time since last request: 179.298984 seconds.
  path: Assets/Textures/Game/Stone.png
  artifactKey: Guid(a8189c853248b684b988cfc1f80310e8) Importer(815301076,1909f56bfc062723c751e8b465ee728b)
Start importing Assets/Textures/Game/Stone.png using Guid(a8189c853248b684b988cfc1f80310e8) Importer(815301076,1909f56bfc062723c751e8b465ee728b)  -> (artifact id: '85edbcd8233aacd78de0041ee607171f') in 0.040801 seconds
  Import took 0.046020 seconds .

========================================================================
Received Prepare
Shader 'Universal Render Pipeline/Particles/Lit': fallback shader 'Universal Render Pipeline/Particles/SimpleLit' not found
Refreshing native plugins compatible for Editor in 2.35 ms, found 1 plugins.
Preloading 0 native plugins for Editor in 0.00 ms.
Unloading 13 Unused Serialized files (Serialized files now loaded: 0)
System memory in use before: 70.0 MB.
System memory in use after: 70.1 MB.

Unloading 13 unused Assets to reduce memory usage. Loaded Objects now: 3424.
Total: 4.555600 ms (FindLiveObjects: 0.399100 ms CreateObjectMapping: 0.256600 ms MarkObjects: 3.728000 ms  DeleteObjects: 0.170400 ms)

========================================================================
Received Import Request.
  Time since last request: 18.625371 seconds.
  path: Assets/Textures/Game/Stone.png
  artifactKey: Guid(a8189c853248b684b988cfc1f80310e8) Importer(815301076,1909f56bfc062723c751e8b465ee728b)
Start importing Assets/Textures/Game/Stone.png using Guid(a8189c853248b684b988cfc1f80310e8) Importer(815301076,1909f56bfc062723c751e8b465ee728b)  -> (artifact id: 'ce964ceb690ecf167599000fc4520bc9') in 0.032301 seconds
  Import took 0.045454 seconds .

========================================================================
Received Import Request.
  Time since last request: 110.022136 seconds.
  path: Assets/Textures/Game/Mushroom.png
  artifactKey: Guid(491ee452beb86404db2dc0170b3bd132) Importer(815301076,1909f56bfc062723c751e8b465ee728b)
Start importing Assets/Textures/Game/Mushroom.png using Guid(491ee452beb86404db2dc0170b3bd132) Importer(815301076,1909f56bfc062723c751e8b465ee728b)  -> (artifact id: 'e83b2eea527f9bf36cf6bb922323fc3a') in 0.026265 seconds
  Import took 1.643828 seconds .

========================================================================
Received Import Request.
  Time since last request: 14.894279 seconds.
  path: Assets/Textures/Game/Stone.png
  artifactKey: Guid(a8189c853248b684b988cfc1f80310e8) Importer(815301076,1909f56bfc062723c751e8b465ee728b)
Start importing Assets/Textures/Game/Stone.png using Guid(a8189c853248b684b988cfc1f80310e8) Importer(815301076,1909f56bfc062723c751e8b465ee728b)  -> (artifact id: 'f17dae3190b46a3df140d96d825ee2ca') in 0.047126 seconds
  Import took 0.071810 seconds .

========================================================================
Received Prepare
Registering precompiled user dll's ...
Registered in 0.002062 seconds.
Begin MonoManager ReloadAssembly
Native extension for WindowsStandalone target not found
Native extension for WebGL target not found
Refreshing native plugins compatible for Editor in 0.51 ms, found 1 plugins.
Preloading 0 native plugins for Editor in 0.00 ms.
Mono: successfully reloaded assembly
- Completed reload, in  1.112 seconds
Platform modules already initialized, skipping
Switching build target platform(5) subTarget(0) extendedPlatform(0) -> platform(13) subTarget(537395200) extendedPlatform(0)
Shader 'Universal Render Pipeline/Particles/Lit': fallback shader 'Universal Render Pipeline/Particles/SimpleLit' not found
Refreshing native plugins compatible for Editor in 0.52 ms, found 1 plugins.
Preloading 0 native plugins for Editor in 0.00 ms.
Unloading 2864 Unused Serialized files (Serialized files now loaded: 0)
System memory in use before: 126.1 MB.
System memory in use after: 126.2 MB.

Unloading 15 unused Assets to reduce memory usage. Loaded Objects now: 3428.
Total: 3.197400 ms (FindLiveObjects: 0.607700 ms CreateObjectMapping: 0.240200 ms MarkObjects: 2.175400 ms  DeleteObjects: 0.172600 ms)

AssetImportParameters requested are different than current active one (requested -> active):
  custom:graphics/normal-map-encoding: 01000000000000000000000000000000 -> 02000000000000000000000000000000
