Using pre-set license
Built from '2020.3/staging' branch; Version is '2020.3.21f1 (a38c86f6690f) revision 10718342'; Using compiler version '192528614'; Build Type 'Release'
OS: 'Windows 10 Pro; OS build 19042.1288; Version 2009; 64bit' Language: 'tr' Physical Memory: 16218 MB
BatchMode: 1, IsHumanControllingUs: 0, StartBugReporterOnCrash: 0, Is64bit: 1, IsPro: 0

COMMAND LINE ARGUMENTS:
C:\Program Files\Unity\Hub\Editor\2020.3.21f1\Editor\Unity.exe
-adb2
-batchMode
-noUpm
-name
AssetImportWorker0
-projectPath
C:/Unity2D/intro_setup/Ant-Shepherd
-logFile
Logs/AssetImportWorker0.log
-srvPort
61966
Successfully changed project path to: C:/Unity2D/intro_setup/Ant-Shepherd
C:/Unity2D/intro_setup/Ant-Shepherd
Using Asset Import Pipeline V2.
Refreshing native plugins compatible for Editor in 51.19 ms, found 3 plugins.
Preloading 0 native plugins for Editor in 0.00 ms.
Initialize engine version: 2020.3.21f1 (a38c86f6690f)
[Subsystems] Discovering subsystems at path C:/Program Files/Unity/Hub/Editor/2020.3.21f1/Editor/Data/Resources/UnitySubsystems
[Subsystems] Discovering subsystems at path C:/Unity2D/intro_setup/Ant-Shepherd/Assets
GfxDevice: creating device client; threaded=0
Direct3D:
    Version:  Direct3D 11.0 [level 11.1]
    Renderer: NVIDIA GeForce GTX 1650 Ti (ID=0x1f95)
    Vendor:   
    VRAM:     3962 MB
    Driver:   27.21.14.6242
Initialize mono
Mono path[0] = 'C:/Program Files/Unity/Hub/Editor/2020.3.21f1/Editor/Data/Managed'
Mono path[1] = 'C:/Program Files/Unity/Hub/Editor/2020.3.21f1/Editor/Data/MonoBleedingEdge/lib/mono/unityjit'
Mono config path = 'C:/Program Files/Unity/Hub/Editor/2020.3.21f1/Editor/Data/MonoBleedingEdge/etc'
Using monoOptions --debugger-agent=transport=dt_socket,embedding=1,server=y,suspend=n,address=127.0.0.1:56316
Begin MonoManager ReloadAssembly
Registering precompiled unity dll's ...
Register platform support module: C:/Program Files/Unity/Hub/Editor/2020.3.21f1/Editor/Data/PlaybackEngines/WindowsStandaloneSupport/UnityEditor.WindowsStandalone.Extensions.dll
Registered in 0.001539 seconds.
Native extension for WindowsStandalone target not found
Refreshing native plugins compatible for Editor in 56.54 ms, found 3 plugins.
Preloading 0 native plugins for Editor in 0.00 ms.
Mono: successfully reloaded assembly
- Completed reload, in  1.568 seconds
Domain Reload Profiling:
	ReloadAssembly (1569ms)
		BeginReloadAssembly (43ms)
			ExecutionOrderSort (0ms)
			DisableScriptedObjects (0ms)
			BackupInstance (0ms)
			ReleaseScriptingObjects (0ms)
			CreateAndSetChildDomain (1ms)
		EndReloadAssembly (383ms)
			LoadAssemblies (41ms)
			RebuildTransferFunctionScriptingTraits (0ms)
			SetupTypeCache (122ms)
			ReleaseScriptCaches (0ms)
			RebuildScriptCaches (27ms)
			SetupLoadedEditorAssemblies (160ms)
				LogAssemblyErrors (0ms)
				InitializePlatformSupportModulesInManaged (3ms)
				SetLoadedEditorAssemblies (0ms)
				RefreshPlugins (57ms)
				BeforeProcessingInitializeOnLoad (10ms)
				ProcessInitializeOnLoadAttributes (67ms)
				ProcessInitializeOnLoadMethodAttributes (23ms)
				AfterProcessingInitializeOnLoad (0ms)
				EditorAssembliesLoaded (0ms)
			ExecutionOrderSort2 (0ms)
			AwakeInstancesAfterBackupRestoration (0ms)
Platform modules already initialized, skipping
Registering precompiled user dll's ...
Registered in 0.004875 seconds.
Begin MonoManager ReloadAssembly
Native extension for WindowsStandalone target not found
Refreshing native plugins compatible for Editor in 57.99 ms, found 3 plugins.
Preloading 0 native plugins for Editor in 0.00 ms.
Mono: successfully reloaded assembly
- Completed reload, in  1.083 seconds
Domain Reload Profiling:
	ReloadAssembly (1084ms)
		BeginReloadAssembly (128ms)
			ExecutionOrderSort (0ms)
			DisableScriptedObjects (4ms)
			BackupInstance (0ms)
			ReleaseScriptingObjects (0ms)
			CreateAndSetChildDomain (15ms)
		EndReloadAssembly (900ms)
			LoadAssemblies (81ms)
			RebuildTransferFunctionScriptingTraits (0ms)
			SetupTypeCache (296ms)
			ReleaseScriptCaches (1ms)
			RebuildScriptCaches (49ms)
			SetupLoadedEditorAssemblies (361ms)
				LogAssemblyErrors (0ms)
				InitializePlatformSupportModulesInManaged (4ms)
				SetLoadedEditorAssemblies (0ms)
				RefreshPlugins (58ms)
				BeforeProcessingInitializeOnLoad (91ms)
				ProcessInitializeOnLoadAttributes (185ms)
				ProcessInitializeOnLoadMethodAttributes (19ms)
				AfterProcessingInitializeOnLoad (5ms)
				EditorAssembliesLoaded (0ms)
			ExecutionOrderSort2 (0ms)
			AwakeInstancesAfterBackupRestoration (7ms)
Platform modules already initialized, skipping
========================================================================
Worker process is ready to serve import requests
Launched and connected shader compiler UnityShaderCompiler.exe after 0.07 seconds
Refreshing native plugins compatible for Editor in 1.17 ms, found 3 plugins.
Preloading 0 native plugins for Editor in 0.00 ms.
Unloading 3351 Unused Serialized files (Serialized files now loaded: 0)
System memory in use before: 143.9 MB.
System memory in use after: 144.1 MB.

Unloading 31 unused Assets to reduce memory usage. Loaded Objects now: 3786.
Total: 4.452800 ms (FindLiveObjects: 0.516500 ms CreateObjectMapping: 0.288500 ms MarkObjects: 3.569000 ms  DeleteObjects: 0.077600 ms)

AssetImportParameters requested are different than current active one (requested -> active):
  custom:framework-win-MediaFoundation: 216162199b28c13a410421893ffa2e32 -> 
  custom:video-decoder-ogg-theora: a1e56fd34408186e4bbccfd4996cb3dc -> 
  custom:container-muxer-webm: aa71ff27fc2769a1b78a27578f13a17b -> 
  custom:container-demuxer-webm: 4f35f7cbe854078d1ac9338744f61a02 -> 
  custom:container-demuxer-ogg: 62fdf1f143b41e24485cea50d1cbac27 -> 
  custom:video-encoder-webm-vp8: eb34c28f22e8b96e1ab97ce403110664 -> 
  custom:video-decoder-webm-vp8: 9c59270c3fd7afecdb556c50c9e8de78 -> 
  custom:audio-decoder-ogg-vorbis: bf7c407c2cedff20999df2af8eb42d56 -> 
  custom:audio-encoder-webm-vorbis: bf7c407c2cedff20999df2af8eb42d56 -> 
========================================================================
Received Import Request.
  path: Assets/Scenes/Boran.unity
  artifactKey: Guid(9775aa26769c8ee418d8ad6da191731d) Importer(815301076,1909f56bfc062723c751e8b465ee728b)
Start importing Assets/Scenes/Boran.unity using Guid(9775aa26769c8ee418d8ad6da191731d) Importer(815301076,1909f56bfc062723c751e8b465ee728b)  -> (artifact id: 'e87369abaa59e5c5161816e26a552805') in 0.018958 seconds 
  Import took 0.025251 seconds .

========================================================================
Received Prepare
Registering precompiled user dll's ...
Registered in 0.005808 seconds.
Begin MonoManager ReloadAssembly
Native extension for WindowsStandalone target not found
Refreshing native plugins compatible for Editor in 0.59 ms, found 3 plugins.
Preloading 0 native plugins for Editor in 0.00 ms.
Mono: successfully reloaded assembly
- Completed reload, in  1.011 seconds
Domain Reload Profiling:
	ReloadAssembly (1012ms)
		BeginReloadAssembly (117ms)
			ExecutionOrderSort (0ms)
			DisableScriptedObjects (6ms)
			BackupInstance (0ms)
			ReleaseScriptingObjects (0ms)
			CreateAndSetChildDomain (34ms)
		EndReloadAssembly (837ms)
			LoadAssemblies (85ms)
			RebuildTransferFunctionScriptingTraits (0ms)
			SetupTypeCache (304ms)
			ReleaseScriptCaches (1ms)
			RebuildScriptCaches (39ms)
			SetupLoadedEditorAssemblies (294ms)
				LogAssemblyErrors (0ms)
				InitializePlatformSupportModulesInManaged (3ms)
				SetLoadedEditorAssemblies (0ms)
				RefreshPlugins (1ms)
				BeforeProcessingInitializeOnLoad (88ms)
				ProcessInitializeOnLoadAttributes (182ms)
				ProcessInitializeOnLoadMethodAttributes (14ms)
				AfterProcessingInitializeOnLoad (5ms)
				EditorAssembliesLoaded (0ms)
			ExecutionOrderSort2 (0ms)
			AwakeInstancesAfterBackupRestoration (11ms)
Platform modules already initialized, skipping
Switching build target platform(19) subTarget(0) extendedPlatform(0) -> platform(13) subTarget(537395200) extendedPlatform(0)
Refreshing native plugins compatible for Editor in 0.68 ms, found 3 plugins.
Preloading 0 native plugins for Editor in 0.00 ms.
Unloading 3241 Unused Serialized files (Serialized files now loaded: 0)
System memory in use before: 134.8 MB.
System memory in use after: 135.1 MB.

Unloading 20 unused Assets to reduce memory usage. Loaded Objects now: 3788.
Total: 5.411600 ms (FindLiveObjects: 0.328400 ms CreateObjectMapping: 0.188700 ms MarkObjects: 4.829600 ms  DeleteObjects: 0.063400 ms)

AssetImportParameters requested are different than current active one (requested -> active):
  custom:framework-win-MediaFoundation: 216162199b28c13a410421893ffa2e32 -> 
  custom:video-decoder-ogg-theora: a1e56fd34408186e4bbccfd4996cb3dc -> 
  custom:container-muxer-webm: aa71ff27fc2769a1b78a27578f13a17b -> 
  custom:container-demuxer-webm: 4f35f7cbe854078d1ac9338744f61a02 -> 
  custom:container-demuxer-ogg: 62fdf1f143b41e24485cea50d1cbac27 -> 
  custom:video-encoder-webm-vp8: eb34c28f22e8b96e1ab97ce403110664 -> 
  custom:video-decoder-webm-vp8: 9c59270c3fd7afecdb556c50c9e8de78 -> 
  custom:graphics/normal-map-encoding: 01000000000000000000000000000000 -> 02000000000000000000000000000000
  custom:audio-decoder-ogg-vorbis: bf7c407c2cedff20999df2af8eb42d56 -> 
  custom:audio-encoder-webm-vorbis: bf7c407c2cedff20999df2af8eb42d56 -> 
========================================================================
Received Prepare
Refreshing native plugins compatible for Editor in 3.93 ms, found 3 plugins.
Preloading 0 native plugins for Editor in 0.00 ms.
Unloading 18 Unused Serialized files (Serialized files now loaded: 0)
System memory in use before: 71.3 MB.
System memory in use after: 71.6 MB.

Unloading 18 unused Assets to reduce memory usage. Loaded Objects now: 3788.
Total: 3.635100 ms (FindLiveObjects: 0.273400 ms CreateObjectMapping: 0.155000 ms MarkObjects: 3.193700 ms  DeleteObjects: 0.012500 ms)

AssetImportParameters requested are different than current active one (requested -> active):
  custom:framework-win-MediaFoundation: 216162199b28c13a410421893ffa2e32 -> 
  custom:video-decoder-ogg-theora: a1e56fd34408186e4bbccfd4996cb3dc -> 
  custom:container-muxer-webm: aa71ff27fc2769a1b78a27578f13a17b -> 
  custom:container-demuxer-webm: 4f35f7cbe854078d1ac9338744f61a02 -> 
  custom:container-demuxer-ogg: 62fdf1f143b41e24485cea50d1cbac27 -> 
  custom:video-encoder-webm-vp8: eb34c28f22e8b96e1ab97ce403110664 -> 
  custom:video-decoder-webm-vp8: 9c59270c3fd7afecdb556c50c9e8de78 -> 
  custom:audio-decoder-ogg-vorbis: bf7c407c2cedff20999df2af8eb42d56 -> 
  custom:audio-encoder-webm-vorbis: bf7c407c2cedff20999df2af8eb42d56 -> 
========================================================================
Received Import Request.
  Time since last request: 139.978407 seconds.
  path: Assets/Prefabs/Levels/Level 1.prefab
  artifactKey: Guid(67f2e8bc89f91374fb0fd2ef581d0fe4) Importer(815301076,1909f56bfc062723c751e8b465ee728b)
Start importing Assets/Prefabs/Levels/Level 1.prefab using Guid(67f2e8bc89f91374fb0fd2ef581d0fe4) Importer(815301076,1909f56bfc062723c751e8b465ee728b)  -> (artifact id: '110926cb800206d188be39f985dd5432') in 0.212703 seconds 
  Import took 0.218184 seconds .

========================================================================
Received Import Request.
  Time since last request: 616.464254 seconds.
  path: Assets/Prefabs/Levels/Level 1.prefab
  artifactKey: Guid(67f2e8bc89f91374fb0fd2ef581d0fe4) Importer(815301076,1909f56bfc062723c751e8b465ee728b)
Start importing Assets/Prefabs/Levels/Level 1.prefab using Guid(67f2e8bc89f91374fb0fd2ef581d0fe4) Importer(815301076,1909f56bfc062723c751e8b465ee728b)  -> (artifact id: 'a92cbe6b7670e4ea5b90150dc64055b5') in 0.038305 seconds 
  Import took 0.044556 seconds .

========================================================================
Received Import Request.
  Time since last request: 103.325411 seconds.
  path: Assets/Prefabs/Levels/Level 2.prefab
  artifactKey: Guid(ccb4121e09cc30b4eab38e57cc4458c7) Importer(815301076,1909f56bfc062723c751e8b465ee728b)
Start importing Assets/Prefabs/Levels/Level 2.prefab using Guid(ccb4121e09cc30b4eab38e57cc4458c7) Importer(815301076,1909f56bfc062723c751e8b465ee728b)  -> (artifact id: '57551c60599eea765f4e1392c92ecf5d') in 0.034123 seconds 
  Import took 0.041643 seconds .

========================================================================
Received Import Request.
  Time since last request: 60.545899 seconds.
  path: Assets/Prefabs/Levels/Level 3.prefab
  artifactKey: Guid(a5fa0849c0dc45e438de0a132b99019e) Importer(815301076,1909f56bfc062723c751e8b465ee728b)
Start importing Assets/Prefabs/Levels/Level 3.prefab using Guid(a5fa0849c0dc45e438de0a132b99019e) Importer(815301076,1909f56bfc062723c751e8b465ee728b)  -> (artifact id: '35728dd19fae9516bb3a8f75e92da1ca') in 0.031281 seconds 
  Import took 0.037694 seconds .

========================================================================
Received Import Request.
  Time since last request: 122.147816 seconds.
  path: Assets/Prefabs/Levels/Level 4.prefab
  artifactKey: Guid(a4b53a2a473ac8748a1973ccb98b7a1e) Importer(815301076,1909f56bfc062723c751e8b465ee728b)
Start importing Assets/Prefabs/Levels/Level 4.prefab using Guid(a4b53a2a473ac8748a1973ccb98b7a1e) Importer(815301076,1909f56bfc062723c751e8b465ee728b)  -> (artifact id: 'b53b0e300a4a84be1a66eb43cd7255ff') in 0.029065 seconds 
  Import took 0.034405 seconds .

========================================================================
Received Import Request.
  Time since last request: 72.518991 seconds.
  path: Assets/Prefabs/Levels/Level 5.prefab
  artifactKey: Guid(61b5de1dd54a46c498407bc5863de9f1) Importer(815301076,1909f56bfc062723c751e8b465ee728b)
Start importing Assets/Prefabs/Levels/Level 5.prefab using Guid(61b5de1dd54a46c498407bc5863de9f1) Importer(815301076,1909f56bfc062723c751e8b465ee728b)  -> (artifact id: '72da02dd224bec301e930be2526ee0f5') in 0.028692 seconds 
  Import took 0.034130 seconds .

========================================================================
Received Import Request.
  Time since last request: 68.385740 seconds.
  path: Assets/Prefabs/Levels/Level 6.prefab
  artifactKey: Guid(7074c27f78396d84bbfafab2c1559478) Importer(815301076,1909f56bfc062723c751e8b465ee728b)
Start importing Assets/Prefabs/Levels/Level 6.prefab using Guid(7074c27f78396d84bbfafab2c1559478) Importer(815301076,1909f56bfc062723c751e8b465ee728b)  -> (artifact id: '0d4795916fece1303b48a02d94ea580a') in 0.033074 seconds 
  Import took 0.038831 seconds .

========================================================================
Received Import Request.
  Time since last request: 62.377159 seconds.
  path: Assets/Prefabs/Levels/Level 7.prefab
  artifactKey: Guid(81fe9d1c8af6616449b3bb5263a762b6) Importer(815301076,1909f56bfc062723c751e8b465ee728b)
Start importing Assets/Prefabs/Levels/Level 7.prefab using Guid(81fe9d1c8af6616449b3bb5263a762b6) Importer(815301076,1909f56bfc062723c751e8b465ee728b)  -> (artifact id: 'a3da9dadf55c5de1cd2a394dc07710c7') in 0.030224 seconds 
  Import took 0.036365 seconds .

========================================================================
Received Import Request.
  Time since last request: 70.212182 seconds.
  path: Assets/Prefabs/Levels/Level 8.prefab
  artifactKey: Guid(2aab1d426b01ad643817fbb3349996ca) Importer(815301076,1909f56bfc062723c751e8b465ee728b)
Start importing Assets/Prefabs/Levels/Level 8.prefab using Guid(2aab1d426b01ad643817fbb3349996ca) Importer(815301076,1909f56bfc062723c751e8b465ee728b)  -> (artifact id: '90084849a09cd1f03782cb95cd98f8bc') in 0.028242 seconds 
  Import took 0.034428 seconds .

========================================================================
Received Import Request.
  Time since last request: 73.131002 seconds.
  path: Assets/Prefabs/Levels/Level 9.prefab
  artifactKey: Guid(fc89a58c49e1c4f4fb5858adf2a1bfc9) Importer(815301076,1909f56bfc062723c751e8b465ee728b)
Start importing Assets/Prefabs/Levels/Level 9.prefab using Guid(fc89a58c49e1c4f4fb5858adf2a1bfc9) Importer(815301076,1909f56bfc062723c751e8b465ee728b)  -> (artifact id: 'cd2df804686a0db75455ff8f3a0a57e0') in 0.028421 seconds 
  Import took 0.034506 seconds .

========================================================================
Received Import Request.
  Time since last request: 57.565683 seconds.
  path: Assets/Prefabs/Levels/Level 10.prefab
  artifactKey: Guid(519284988939d5345b03372eb088b6a6) Importer(815301076,1909f56bfc062723c751e8b465ee728b)
Start importing Assets/Prefabs/Levels/Level 10.prefab using Guid(519284988939d5345b03372eb088b6a6) Importer(815301076,1909f56bfc062723c751e8b465ee728b)  -> (artifact id: '4ff7c10b805bc7f3789036e297215b23') in 0.030446 seconds 
  Import took 0.035862 seconds .

