Using pre-set license
Built from '2020.3/staging' branch; Version is '2020.3.4f1 (0abb6314276a) revision 703331'; Using compiler version '192528614'; Build Type 'Release'
OS: 'Windows 10 Home; OS build 19043.1288; Version 2009; 64bit' Language: 'en' Physical Memory: 16267 MB
BatchMode: 1, IsHumanControllingUs: 0, StartBugReporterOnCrash: 0, Is64bit: 1, IsPro: 0

 COMMAND LINE ARGUMENTS:
C:\Program Files\Unity\Hub\Editor\2020.3.4f1\Editor\Unity.exe
-adb2
-batchMode
-noUpm
-name
AssetImportWorker0
-projectPath
D:/Laf Games/Ant Shepherd
-logFile
Logs/AssetImportWorker0.log
-srvPort
51937
Successfully changed project path to: D:/Laf Games/Ant Shepherd
D:/Laf Games/Ant Shepherd
Using Asset Import Pipeline V2.
Refreshing native plugins compatible for Editor in 73.00 ms, found 1 plugins.
Preloading 0 native plugins for Editor in 0.00 ms.
Initialize engine version: 2020.3.4f1 (0abb6314276a)
[Subsystems] Discovering subsystems at path C:/Program Files/Unity/Hub/Editor/2020.3.4f1/Editor/Data/Resources/UnitySubsystems
[Subsystems] Discovering subsystems at path D:/Laf Games/Ant Shepherd/Assets
GfxDevice: creating device client; threaded=0
Direct3D:
    Version:  Direct3D 11.0 [level 11.1]
    Renderer: NVIDIA GeForce GTX 1050 (ID=0x1c8d)
    Vendor:   
    VRAM:     4019 MB
    Driver:   30.0.14.9613
Shader 'Universal Render Pipeline/Particles/Lit': fallback shader 'Universal Render Pipeline/Particles/SimpleLit' not found
Initialize mono
Mono path[0] = 'C:/Program Files/Unity/Hub/Editor/2020.3.4f1/Editor/Data/Managed'
Mono path[1] = 'C:/Program Files/Unity/Hub/Editor/2020.3.4f1/Editor/Data/MonoBleedingEdge/lib/mono/unityjit'
Mono config path = 'C:/Program Files/Unity/Hub/Editor/2020.3.4f1/Editor/Data/MonoBleedingEdge/etc'
Using monoOptions --debugger-agent=transport=dt_socket,embedding=1,server=y,suspend=n,address=127.0.0.1:56272
Begin MonoManager ReloadAssembly
Registering precompiled unity dll's ...
Register platform support module: C:/Program Files/Unity/Hub/Editor/2020.3.4f1/Editor/Data/PlaybackEngines/WebGLSupport/UnityEditor.WebGL.Extensions.dll
Register platform support module: C:/Program Files/Unity/Hub/Editor/2020.3.4f1/Editor/Data/PlaybackEngines/WindowsStandaloneSupport/UnityEditor.WindowsStandalone.Extensions.dll
Registered in 0.003880 seconds.
Native extension for WindowsStandalone target not found
Native extension for WebGL target not found
Refreshing native plugins compatible for Editor in 147.27 ms, found 1 plugins.
Preloading 0 native plugins for Editor in 0.00 ms.
Mono: successfully reloaded assembly
- Completed reload, in  5.407 seconds
Platform modules already initialized, skipping
Registering precompiled user dll's ...
Registered in 0.004930 seconds.
Begin MonoManager ReloadAssembly
Native extension for WindowsStandalone target not found
Native extension for WebGL target not found
Refreshing native plugins compatible for Editor in 257.58 ms, found 1 plugins.
Preloading 0 native plugins for Editor in 0.00 ms.
Mono: successfully reloaded assembly
- Completed reload, in  5.147 seconds
Platform modules already initialized, skipping
========================================================================
Worker process is ready to serve import requests
Shader 'Universal Render Pipeline/Particles/Lit': fallback shader 'Universal Render Pipeline/Particles/SimpleLit' not found
Launched and connected shader compiler UnityShaderCompiler.exe after 0.22 seconds
Refreshing native plugins compatible for Editor in 1.22 ms, found 1 plugins.
Preloading 0 native plugins for Editor in 0.00 ms.
Unloading 2974 Unused Serialized files (Serialized files now loaded: 0)
System memory in use before: 130.3 MB.
System memory in use after: 130.4 MB.

Unloading 27 unused Assets to reduce memory usage. Loaded Objects now: 3421.
Total: 5.244900 ms (FindLiveObjects: 0.796500 ms CreateObjectMapping: 0.339300 ms MarkObjects: 3.444200 ms  DeleteObjects: 0.662200 ms)

========================================================================
Received Import Request.
  path: Assets/Scripts/Anthill.cs
  artifactKey: Guid(324069e307952094a9870478cf72dd79) Importer(815301076,1909f56bfc062723c751e8b465ee728b)
Start importing Assets/Scripts/Anthill.cs using Guid(324069e307952094a9870478cf72dd79) Importer(815301076,1909f56bfc062723c751e8b465ee728b)  -> (artifact id: '32a3de6b77bcfaf15d6f8488639b2f9c') in 0.062895 seconds
  Import took 0.076581 seconds .

========================================================================
Received Prepare
Registering precompiled user dll's ...
Registered in 0.002329 seconds.
Begin MonoManager ReloadAssembly
Native extension for WindowsStandalone target not found
Native extension for WebGL target not found
Refreshing native plugins compatible for Editor in 0.78 ms, found 1 plugins.
Preloading 0 native plugins for Editor in 0.00 ms.
Mono: successfully reloaded assembly
- Completed reload, in  1.249 seconds
Platform modules already initialized, skipping
Switching build target platform(5) subTarget(0) extendedPlatform(0) -> platform(13) subTarget(537395200) extendedPlatform(0)
Shader 'Universal Render Pipeline/Particles/Lit': fallback shader 'Universal Render Pipeline/Particles/SimpleLit' not found
Refreshing native plugins compatible for Editor in 0.52 ms, found 1 plugins.
Preloading 0 native plugins for Editor in 0.00 ms.
Unloading 2869 Unused Serialized files (Serialized files now loaded: 0)
System memory in use before: 123.3 MB.
System memory in use after: 123.4 MB.

Unloading 15 unused Assets to reduce memory usage. Loaded Objects now: 3425.
Total: 3.124900 ms (FindLiveObjects: 0.373500 ms CreateObjectMapping: 0.175300 ms MarkObjects: 2.440900 ms  DeleteObjects: 0.134100 ms)

AssetImportParameters requested are different than current active one (requested -> active):
  custom:graphics/normal-map-encoding: 01000000000000000000000000000000 -> 02000000000000000000000000000000
========================================================================
Received Prepare
Registering precompiled user dll's ...
Registered in 0.001881 seconds.
Begin MonoManager ReloadAssembly
Native extension for WindowsStandalone target not found
Native extension for WebGL target not found
Refreshing native plugins compatible for Editor in 0.59 ms, found 1 plugins.
Preloading 0 native plugins for Editor in 0.00 ms.
Mono: successfully reloaded assembly
- Completed reload, in  1.246 seconds
Platform modules already initialized, skipping
Switching build target platform(5) subTarget(0) extendedPlatform(0) -> platform(13) subTarget(537395200) extendedPlatform(0)
Shader 'Universal Render Pipeline/Particles/Lit': fallback shader 'Universal Render Pipeline/Particles/SimpleLit' not found
Refreshing native plugins compatible for Editor in 0.60 ms, found 1 plugins.
Preloading 0 native plugins for Editor in 0.00 ms.
Unloading 2869 Unused Serialized files (Serialized files now loaded: 0)
System memory in use before: 123.4 MB.
System memory in use after: 123.5 MB.

Unloading 15 unused Assets to reduce memory usage. Loaded Objects now: 3429.
Total: 3.835500 ms (FindLiveObjects: 0.401500 ms CreateObjectMapping: 0.305600 ms MarkObjects: 2.976000 ms  DeleteObjects: 0.150900 ms)

AssetImportParameters requested are different than current active one (requested -> active):
  custom:graphics/normal-map-encoding: 01000000000000000000000000000000 -> 02000000000000000000000000000000
========================================================================
Received Prepare
Registering precompiled user dll's ...
Registered in 0.002315 seconds.
Begin MonoManager ReloadAssembly
Native extension for WindowsStandalone target not found
Native extension for WebGL target not found
Refreshing native plugins compatible for Editor in 0.62 ms, found 1 plugins.
Preloading 0 native plugins for Editor in 0.00 ms.
Mono: successfully reloaded assembly
- Completed reload, in  1.178 seconds
Platform modules already initialized, skipping
Switching build target platform(5) subTarget(0) extendedPlatform(0) -> platform(13) subTarget(537395200) extendedPlatform(0)
Shader 'Universal Render Pipeline/Particles/Lit': fallback shader 'Universal Render Pipeline/Particles/SimpleLit' not found
Refreshing native plugins compatible for Editor in 0.52 ms, found 1 plugins.
Preloading 0 native plugins for Editor in 0.00 ms.
Unloading 2869 Unused Serialized files (Serialized files now loaded: 0)
System memory in use before: 123.4 MB.
System memory in use after: 123.5 MB.

Unloading 15 unused Assets to reduce memory usage. Loaded Objects now: 3433.
Total: 3.444700 ms (FindLiveObjects: 0.495600 ms CreateObjectMapping: 0.238500 ms MarkObjects: 2.582400 ms  DeleteObjects: 0.126600 ms)

AssetImportParameters requested are different than current active one (requested -> active):
  custom:graphics/normal-map-encoding: 01000000000000000000000000000000 -> 02000000000000000000000000000000
========================================================================
Received Import Request.
  Time since last request: 737.110634 seconds.
  path: Assets/dead.png
  artifactKey: Guid(2f45f1949ae67b84c8198b41d83b48a9) Importer(815301076,1909f56bfc062723c751e8b465ee728b)
Start importing Assets/dead.png using Guid(2f45f1949ae67b84c8198b41d83b48a9) Importer(815301076,1909f56bfc062723c751e8b465ee728b)  -> (artifact id: '4d2265808bf031fe1d8bffd31e5e3c85') in 0.110962 seconds
  Import took 0.154924 seconds .

========================================================================
Received Import Request.
  Time since last request: 9.332050 seconds.
  path: Assets/Game Over.png
  artifactKey: Guid(2f45f1949ae67b84c8198b41d83b48a9) Importer(815301076,1909f56bfc062723c751e8b465ee728b)
Start importing Assets/Game Over.png using Guid(2f45f1949ae67b84c8198b41d83b48a9) Importer(815301076,1909f56bfc062723c751e8b465ee728b)  -> (artifact id: 'fa85b210b1aff60324201af55172d8ea') in 0.024006 seconds
  Import took 0.035436 seconds .

========================================================================
Received Import Request.
  Time since last request: 1.032416 seconds.
  path: Assets/y-¦ld-¦z bos¦º.png
  artifactKey: Guid(5091a4edca92a46488bcc6f9189764da) Importer(815301076,1909f56bfc062723c751e8b465ee728b)
Start importing Assets/y-¦ld-¦z bos¦º.png using Guid(5091a4edca92a46488bcc6f9189764da) Importer(815301076,1909f56bfc062723c751e8b465ee728b)  -> (artifact id: 'b38aac0741fe9f02275fa2e9c3332737') in 0.024507 seconds
  Import took 0.031165 seconds .

========================================================================
Received Import Request.
  Time since last request: 0.389017 seconds.
  path: Assets/kar-¦nca.png
  artifactKey: Guid(a8395e7d0501a074f8c7b4e4d0404f56) Importer(815301076,1909f56bfc062723c751e8b465ee728b)
Start importing Assets/kar-¦nca.png using Guid(a8395e7d0501a074f8c7b4e4d0404f56) Importer(815301076,1909f56bfc062723c751e8b465ee728b)  -> (artifact id: '9ae545ac68de4fe08c4b0ea01acdb234') in 0.022695 seconds
  Import took 0.028153 seconds .

========================================================================
Received Import Request.
  Time since last request: 8.635607 seconds.
  path: Assets/Lost.png
  artifactKey: Guid(2f45f1949ae67b84c8198b41d83b48a9) Importer(815301076,1909f56bfc062723c751e8b465ee728b)
Start importing Assets/Lost.png using Guid(2f45f1949ae67b84c8198b41d83b48a9) Importer(815301076,1909f56bfc062723c751e8b465ee728b)  -> (artifact id: '38f9c71eadf0442cfdce5b225a1de3de') in 0.017924 seconds
  Import took 0.024628 seconds .

========================================================================
Received Import Request.
  Time since last request: 3.163812 seconds.
  path: Assets/Win.png
  artifactKey: Guid(a8395e7d0501a074f8c7b4e4d0404f56) Importer(815301076,1909f56bfc062723c751e8b465ee728b)
Start importing Assets/Win.png using Guid(a8395e7d0501a074f8c7b4e4d0404f56) Importer(815301076,1909f56bfc062723c751e8b465ee728b)  -> (artifact id: '25eb12b07fcbc1718923e4066fd25e60') in 0.019731 seconds
  Import took 0.026794 seconds .

========================================================================
Received Import Request.
  Time since last request: 1.762395 seconds.
  path: Assets/y-¦ld-¦z dolu.png
  artifactKey: Guid(c6d4c84311e89e9469ff9c390e737f1f) Importer(815301076,1909f56bfc062723c751e8b465ee728b)
Start importing Assets/y-¦ld-¦z dolu.png using Guid(c6d4c84311e89e9469ff9c390e737f1f) Importer(815301076,1909f56bfc062723c751e8b465ee728b)  -> (artifact id: '4d3a8fbbeb94c0069d1f3d9929442cb3') in 0.016643 seconds
  Import took 0.022967 seconds .

========================================================================
Received Import Request.
  Time since last request: 7.627733 seconds.
  path: Assets/Star empty.png
  artifactKey: Guid(5091a4edca92a46488bcc6f9189764da) Importer(815301076,1909f56bfc062723c751e8b465ee728b)
Start importing Assets/Star empty.png using Guid(5091a4edca92a46488bcc6f9189764da) Importer(815301076,1909f56bfc062723c751e8b465ee728b)  -> (artifact id: '8d6dbc147eb9d1405efb9686ae799434') in 0.017152 seconds
  Import took 0.023892 seconds .

========================================================================
Received Import Request.
  Time since last request: 7.989560 seconds.
  path: Assets/Star filled.png
  artifactKey: Guid(c6d4c84311e89e9469ff9c390e737f1f) Importer(815301076,1909f56bfc062723c751e8b465ee728b)
Start importing Assets/Star filled.png using Guid(c6d4c84311e89e9469ff9c390e737f1f) Importer(815301076,1909f56bfc062723c751e8b465ee728b)  -> (artifact id: '7be06675c2504a52753538bce7ea3b48') in 0.023474 seconds
  Import took 0.029496 seconds .

========================================================================
Received Import Request.
  Time since last request: 9.772770 seconds.
  path: Assets/Star filed.png
  artifactKey: Guid(c6d4c84311e89e9469ff9c390e737f1f) Importer(815301076,1909f56bfc062723c751e8b465ee728b)
Start importing Assets/Star filed.png using Guid(c6d4c84311e89e9469ff9c390e737f1f) Importer(815301076,1909f56bfc062723c751e8b465ee728b)  -> (artifact id: '2497fc843172a79c315913f288be54f1') in 0.017318 seconds
  Import took 0.023726 seconds .

========================================================================
Received Import Request.
  Time since last request: 10.161172 seconds.
  path: Assets/zemin1.png
  artifactKey: Guid(c3ef3e9bfe7dede4784200a005641e81) Importer(815301076,1909f56bfc062723c751e8b465ee728b)
Start importing Assets/zemin1.png using Guid(c3ef3e9bfe7dede4784200a005641e81) Importer(815301076,1909f56bfc062723c751e8b465ee728b)  -> (artifact id: '0a518d9e10529a6b0359e8d2fb7c9b02') in 0.017322 seconds
  Import took 0.024094 seconds .

========================================================================
Received Import Request.
  Time since last request: 0.000614 seconds.
  path: Assets/zemin1.png
  artifactKey: Guid(c3ef3e9bfe7dede4784200a005641e81) Importer(815301076,1909f56bfc062723c751e8b465ee728b)
Start importing Assets/zemin1.png using Guid(c3ef3e9bfe7dede4784200a005641e81) Importer(815301076,1909f56bfc062723c751e8b465ee728b)  -> (artifact id: '0a518d9e10529a6b0359e8d2fb7c9b02') in 0.016095 seconds
  Import took 0.108980 seconds .

========================================================================
Received Import Request.
  Time since last request: 4.693454 seconds.
  path: Assets/PAnel BG.png
  artifactKey: Guid(c3ef3e9bfe7dede4784200a005641e81) Importer(815301076,1909f56bfc062723c751e8b465ee728b)
Start importing Assets/PAnel BG.png using Guid(c3ef3e9bfe7dede4784200a005641e81) Importer(815301076,1909f56bfc062723c751e8b465ee728b)  -> (artifact id: '7b45e8462eebb65c7a9bfbc93d3dafa7') in 0.017951 seconds
  Import took 0.023917 seconds .

========================================================================
Received Import Request.
  Time since last request: 41.575390 seconds.
  path: Assets/Textures/UI/Panel BG.png
  artifactKey: Guid(c3ef3e9bfe7dede4784200a005641e81) Importer(815301076,1909f56bfc062723c751e8b465ee728b)
Start importing Assets/Textures/UI/Panel BG.png using Guid(c3ef3e9bfe7dede4784200a005641e81) Importer(815301076,1909f56bfc062723c751e8b465ee728b)  -> (artifact id: 'dcf5b1bff03f6d9389f821c5a6652afd') in 0.018033 seconds
  Import took 0.024771 seconds .

========================================================================
Received Import Request.
  Time since last request: 769.132914 seconds.
  path: Assets/Textures/UI/start game 1.png
  artifactKey: Guid(a3147c6d2f8832b49b1acd879c8ad081) Importer(815301076,1909f56bfc062723c751e8b465ee728b)
Start importing Assets/Textures/UI/start game 1.png using Guid(a3147c6d2f8832b49b1acd879c8ad081) Importer(815301076,1909f56bfc062723c751e8b465ee728b)  -> (artifact id: '06c8270cda9aeb6f65c495e7bd6814f0') in 0.021452 seconds
  Import took 0.043743 seconds .

========================================================================
Received Import Request.
  Time since last request: 7.051859 seconds.
  path: Assets/Textures/UI/Button.png
  artifactKey: Guid(a3147c6d2f8832b49b1acd879c8ad081) Importer(815301076,1909f56bfc062723c751e8b465ee728b)
Start importing Assets/Textures/UI/Button.png using Guid(a3147c6d2f8832b49b1acd879c8ad081) Importer(815301076,1909f56bfc062723c751e8b465ee728b)  -> (artifact id: 'fc25962b4be8489516cff8dea85183d6') in 0.016094 seconds
  Import took 0.022449 seconds .

========================================================================
Received Import Request.
  Time since last request: 139.924135 seconds.
  path: Assets/Textures/UI/start game 2.png
  artifactKey: Guid(7fe3033b1a80aea4fa59417d365ef719) Importer(815301076,1909f56bfc062723c751e8b465ee728b)
Start importing Assets/Textures/UI/start game 2.png using Guid(7fe3033b1a80aea4fa59417d365ef719) Importer(815301076,1909f56bfc062723c751e8b465ee728b)  -> (artifact id: 'dee81489d577792e530e99f6ad9ba101') in 0.016810 seconds
  Import took 0.023170 seconds .

========================================================================
Received Import Request.
  Time since last request: 0.001287 seconds.
  path: Assets/Textures/UI/start game 2.png
  artifactKey: Guid(7fe3033b1a80aea4fa59417d365ef719) Importer(815301076,1909f56bfc062723c751e8b465ee728b)
Start importing Assets/Textures/UI/start game 2.png using Guid(7fe3033b1a80aea4fa59417d365ef719) Importer(815301076,1909f56bfc062723c751e8b465ee728b)  -> (artifact id: 'dee81489d577792e530e99f6ad9ba101') in 0.014514 seconds
  Import took 0.019445 seconds .

========================================================================
Received Import Request.
  Time since last request: 4.663526 seconds.
  path: Assets/Textures/UI/Button 2.png
  artifactKey: Guid(7fe3033b1a80aea4fa59417d365ef719) Importer(815301076,1909f56bfc062723c751e8b465ee728b)
Start importing Assets/Textures/UI/Button 2.png using Guid(7fe3033b1a80aea4fa59417d365ef719) Importer(815301076,1909f56bfc062723c751e8b465ee728b)  -> (artifact id: 'e6ede6e1b0b72cdf1f413d6272d70a8c') in 0.014712 seconds
  Import took 0.021715 seconds .

========================================================================
Received Prepare
Registering precompiled user dll's ...
Registered in 0.002613 seconds.
Begin MonoManager ReloadAssembly
Native extension for WindowsStandalone target not found
Native extension for WebGL target not found
Refreshing native plugins compatible for Editor in 0.49 ms, found 1 plugins.
Preloading 0 native plugins for Editor in 0.00 ms.
Mono: successfully reloaded assembly
- Completed reload, in  1.068 seconds
Platform modules already initialized, skipping
Switching build target platform(5) subTarget(0) extendedPlatform(0) -> platform(13) subTarget(537395200) extendedPlatform(0)
Shader 'Universal Render Pipeline/Particles/Lit': fallback shader 'Universal Render Pipeline/Particles/SimpleLit' not found
Refreshing native plugins compatible for Editor in 0.51 ms, found 1 plugins.
Preloading 0 native plugins for Editor in 0.00 ms.
Unloading 2869 Unused Serialized files (Serialized files now loaded: 0)
System memory in use before: 126.4 MB.
System memory in use after: 126.5 MB.

Unloading 15 unused Assets to reduce memory usage. Loaded Objects now: 3451.
Total: 2.736500 ms (FindLiveObjects: 0.385200 ms CreateObjectMapping: 0.187100 ms MarkObjects: 2.003800 ms  DeleteObjects: 0.159500 ms)

AssetImportParameters requested are different than current active one (requested -> active):
  custom:graphics/normal-map-encoding: 01000000000000000000000000000000 -> 02000000000000000000000000000000
========================================================================
Received Prepare
Registering precompiled user dll's ...
Registered in 0.002319 seconds.
Begin MonoManager ReloadAssembly
Native extension for WindowsStandalone target not found
Native extension for WebGL target not found
Refreshing native plugins compatible for Editor in 0.63 ms, found 1 plugins.
Preloading 0 native plugins for Editor in 0.00 ms.
Mono: successfully reloaded assembly
- Completed reload, in  1.291 seconds
Platform modules already initialized, skipping
Switching build target platform(5) subTarget(0) extendedPlatform(0) -> platform(13) subTarget(537395200) extendedPlatform(0)
Shader 'Universal Render Pipeline/Particles/Lit': fallback shader 'Universal Render Pipeline/Particles/SimpleLit' not found
Refreshing native plugins compatible for Editor in 0.52 ms, found 1 plugins.
Preloading 0 native plugins for Editor in 0.00 ms.
Unloading 2869 Unused Serialized files (Serialized files now loaded: 0)
System memory in use before: 126.4 MB.
System memory in use after: 126.5 MB.

Unloading 15 unused Assets to reduce memory usage. Loaded Objects now: 3455.
Total: 3.212900 ms (FindLiveObjects: 0.564000 ms CreateObjectMapping: 0.237000 ms MarkObjects: 2.225800 ms  DeleteObjects: 0.184200 ms)

AssetImportParameters requested are different than current active one (requested -> active):
  custom:graphics/normal-map-encoding: 01000000000000000000000000000000 -> 02000000000000000000000000000000
========================================================================
Received Prepare
Registering precompiled user dll's ...
Registered in 0.002651 seconds.
Begin MonoManager ReloadAssembly
Native extension for WindowsStandalone target not found
Native extension for WebGL target not found
Refreshing native plugins compatible for Editor in 0.50 ms, found 1 plugins.
Preloading 0 native plugins for Editor in 0.00 ms.
Mono: successfully reloaded assembly
- Completed reload, in  1.168 seconds
Platform modules already initialized, skipping
Switching build target platform(5) subTarget(0) extendedPlatform(0) -> platform(13) subTarget(537395200) extendedPlatform(0)
Shader 'Universal Render Pipeline/Particles/Lit': fallback shader 'Universal Render Pipeline/Particles/SimpleLit' not found
Refreshing native plugins compatible for Editor in 0.50 ms, found 1 plugins.
Preloading 0 native plugins for Editor in 0.00 ms.
Unloading 2869 Unused Serialized files (Serialized files now loaded: 0)
System memory in use before: 126.4 MB.
System memory in use after: 126.5 MB.

Unloading 15 unused Assets to reduce memory usage. Loaded Objects now: 3459.
Total: 4.600300 ms (FindLiveObjects: 0.561200 ms CreateObjectMapping: 0.246100 ms MarkObjects: 3.620000 ms  DeleteObjects: 0.170600 ms)

AssetImportParameters requested are different than current active one (requested -> active):
  custom:graphics/normal-map-encoding: 01000000000000000000000000000000 -> 02000000000000000000000000000000
========================================================================
Received Prepare
Registering precompiled user dll's ...
Registered in 0.002087 seconds.
Begin MonoManager ReloadAssembly
Native extension for WindowsStandalone target not found
Native extension for WebGL target not found
Refreshing native plugins compatible for Editor in 0.64 ms, found 1 plugins.
Preloading 0 native plugins for Editor in 0.00 ms.
Mono: successfully reloaded assembly
- Completed reload, in  1.395 seconds
Platform modules already initialized, skipping
Switching build target platform(5) subTarget(0) extendedPlatform(0) -> platform(13) subTarget(537395200) extendedPlatform(0)
Shader 'Universal Render Pipeline/Particles/Lit': fallback shader 'Universal Render Pipeline/Particles/SimpleLit' not found
Refreshing native plugins compatible for Editor in 0.64 ms, found 1 plugins.
Preloading 0 native plugins for Editor in 0.00 ms.
Unloading 2869 Unused Serialized files (Serialized files now loaded: 0)
System memory in use before: 126.4 MB.
System memory in use after: 126.5 MB.

Unloading 15 unused Assets to reduce memory usage. Loaded Objects now: 3463.
Total: 5.374700 ms (FindLiveObjects: 0.607100 ms CreateObjectMapping: 0.305400 ms MarkObjects: 4.259800 ms  DeleteObjects: 0.199500 ms)

AssetImportParameters requested are different than current active one (requested -> active):
  custom:graphics/normal-map-encoding: 01000000000000000000000000000000 -> 02000000000000000000000000000000
========================================================================
Received Prepare
Registering precompiled user dll's ...
Registered in 0.002652 seconds.
Begin MonoManager ReloadAssembly
Native extension for WindowsStandalone target not found
Native extension for WebGL target not found
Refreshing native plugins compatible for Editor in 0.52 ms, found 1 plugins.
Preloading 0 native plugins for Editor in 0.00 ms.
Mono: successfully reloaded assembly
- Completed reload, in  1.109 seconds
Platform modules already initialized, skipping
Switching build target platform(5) subTarget(0) extendedPlatform(0) -> platform(13) subTarget(537395200) extendedPlatform(0)
Shader 'Universal Render Pipeline/Particles/Lit': fallback shader 'Universal Render Pipeline/Particles/SimpleLit' not found
Refreshing native plugins compatible for Editor in 0.51 ms, found 1 plugins.
Preloading 0 native plugins for Editor in 0.00 ms.
Unloading 2869 Unused Serialized files (Serialized files now loaded: 0)
System memory in use before: 126.4 MB.
System memory in use after: 126.5 MB.

Unloading 15 unused Assets to reduce memory usage. Loaded Objects now: 3467.
Total: 3.285800 ms (FindLiveObjects: 0.389000 ms CreateObjectMapping: 0.195400 ms MarkObjects: 2.507000 ms  DeleteObjects: 0.193200 ms)

AssetImportParameters requested are different than current active one (requested -> active):
  custom:graphics/normal-map-encoding: 01000000000000000000000000000000 -> 02000000000000000000000000000000
========================================================================
Received Prepare
Registering precompiled user dll's ...
Registered in 0.002103 seconds.
Begin MonoManager ReloadAssembly
Native extension for WindowsStandalone target not found
Native extension for WebGL target not found
Refreshing native plugins compatible for Editor in 0.62 ms, found 1 plugins.
Preloading 0 native plugins for Editor in 0.00 ms.
Mono: successfully reloaded assembly
- Completed reload, in  1.241 seconds
Platform modules already initialized, skipping
Switching build target platform(5) subTarget(0) extendedPlatform(0) -> platform(13) subTarget(537395200) extendedPlatform(0)
Shader 'Universal Render Pipeline/Particles/Lit': fallback shader 'Universal Render Pipeline/Particles/SimpleLit' not found
Refreshing native plugins compatible for Editor in 0.61 ms, found 1 plugins.
Preloading 0 native plugins for Editor in 0.00 ms.
Unloading 2869 Unused Serialized files (Serialized files now loaded: 0)
System memory in use before: 126.4 MB.
System memory in use after: 126.5 MB.

Unloading 15 unused Assets to reduce memory usage. Loaded Objects now: 3471.
Total: 3.581400 ms (FindLiveObjects: 0.393700 ms CreateObjectMapping: 0.232200 ms MarkObjects: 2.808800 ms  DeleteObjects: 0.145400 ms)

AssetImportParameters requested are different than current active one (requested -> active):
  custom:graphics/normal-map-encoding: 01000000000000000000000000000000 -> 02000000000000000000000000000000
========================================================================
Received Prepare
Registering precompiled user dll's ...
Registered in 0.003846 seconds.
Begin MonoManager ReloadAssembly
Native extension for WindowsStandalone target not found
Native extension for WebGL target not found
Refreshing native plugins compatible for Editor in 0.84 ms, found 1 plugins.
Preloading 0 native plugins for Editor in 0.00 ms.
Mono: successfully reloaded assembly
- Completed reload, in  1.595 seconds
Platform modules already initialized, skipping
Switching build target platform(5) subTarget(0) extendedPlatform(0) -> platform(13) subTarget(537395200) extendedPlatform(0)
Shader 'Universal Render Pipeline/Particles/Lit': fallback shader 'Universal Render Pipeline/Particles/SimpleLit' not found
Refreshing native plugins compatible for Editor in 0.66 ms, found 1 plugins.
Preloading 0 native plugins for Editor in 0.00 ms.
Unloading 2869 Unused Serialized files (Serialized files now loaded: 0)
System memory in use before: 126.4 MB.
System memory in use after: 126.5 MB.

Unloading 15 unused Assets to reduce memory usage. Loaded Objects now: 3475.
Total: 4.667500 ms (FindLiveObjects: 0.423500 ms CreateObjectMapping: 0.269200 ms MarkObjects: 3.781800 ms  DeleteObjects: 0.190200 ms)

AssetImportParameters requested are different than current active one (requested -> active):
  custom:graphics/normal-map-encoding: 01000000000000000000000000000000 -> 02000000000000000000000000000000
========================================================================
Received Prepare
Registering precompiled user dll's ...
Registered in 0.002079 seconds.
Begin MonoManager ReloadAssembly
Native extension for WindowsStandalone target not found
Native extension for WebGL target not found
Refreshing native plugins compatible for Editor in 0.53 ms, found 1 plugins.
Preloading 0 native plugins for Editor in 0.00 ms.
Mono: successfully reloaded assembly
- Completed reload, in  1.261 seconds
Platform modules already initialized, skipping
Switching build target platform(5) subTarget(0) extendedPlatform(0) -> platform(13) subTarget(537395200) extendedPlatform(0)
Shader 'Universal Render Pipeline/Particles/Lit': fallback shader 'Universal Render Pipeline/Particles/SimpleLit' not found
Refreshing native plugins compatible for Editor in 0.61 ms, found 1 plugins.
Preloading 0 native plugins for Editor in 0.00 ms.
Unloading 2869 Unused Serialized files (Serialized files now loaded: 0)
System memory in use before: 126.4 MB.
System memory in use after: 126.5 MB.

Unloading 15 unused Assets to reduce memory usage. Loaded Objects now: 3479.
Total: 2.984300 ms (FindLiveObjects: 0.439100 ms CreateObjectMapping: 0.148600 ms MarkObjects: 2.181900 ms  DeleteObjects: 0.212800 ms)

AssetImportParameters requested are different than current active one (requested -> active):
  custom:graphics/normal-map-encoding: 01000000000000000000000000000000 -> 02000000000000000000000000000000
========================================================================
Received Prepare
Registering precompiled user dll's ...
Registered in 0.001932 seconds.
Begin MonoManager ReloadAssembly
Native extension for WindowsStandalone target not found
Native extension for WebGL target not found
Refreshing native plugins compatible for Editor in 0.69 ms, found 1 plugins.
Preloading 0 native plugins for Editor in 0.00 ms.
Mono: successfully reloaded assembly
- Completed reload, in  1.217 seconds
Platform modules already initialized, skipping
Switching build target platform(5) subTarget(0) extendedPlatform(0) -> platform(13) subTarget(537395200) extendedPlatform(0)
Shader 'Universal Render Pipeline/Particles/Lit': fallback shader 'Universal Render Pipeline/Particles/SimpleLit' not found
Refreshing native plugins compatible for Editor in 0.59 ms, found 1 plugins.
Preloading 0 native plugins for Editor in 0.00 ms.
Unloading 2869 Unused Serialized files (Serialized files now loaded: 0)
System memory in use before: 126.5 MB.
System memory in use after: 126.5 MB.

Unloading 15 unused Assets to reduce memory usage. Loaded Objects now: 3483.
Total: 3.234100 ms (FindLiveObjects: 0.466400 ms CreateObjectMapping: 0.460200 ms MarkObjects: 2.123300 ms  DeleteObjects: 0.183300 ms)

AssetImportParameters requested are different than current active one (requested -> active):
  custom:graphics/normal-map-encoding: 01000000000000000000000000000000 -> 02000000000000000000000000000000
========================================================================
Received Prepare
Registering precompiled user dll's ...
Registered in 0.001934 seconds.
Begin MonoManager ReloadAssembly
Native extension for WindowsStandalone target not found
Native extension for WebGL target not found
Refreshing native plugins compatible for Editor in 0.50 ms, found 1 plugins.
Preloading 0 native plugins for Editor in 0.00 ms.
Mono: successfully reloaded assembly
- Completed reload, in  1.227 seconds
Platform modules already initialized, skipping
Switching build target platform(5) subTarget(0) extendedPlatform(0) -> platform(13) subTarget(537395200) extendedPlatform(0)
Shader 'Universal Render Pipeline/Particles/Lit': fallback shader 'Universal Render Pipeline/Particles/SimpleLit' not found
Refreshing native plugins compatible for Editor in 0.57 ms, found 1 plugins.
Preloading 0 native plugins for Editor in 0.00 ms.
Unloading 2869 Unused Serialized files (Serialized files now loaded: 0)
System memory in use before: 126.5 MB.
System memory in use after: 126.6 MB.

Unloading 15 unused Assets to reduce memory usage. Loaded Objects now: 3487.
Total: 3.123200 ms (FindLiveObjects: 0.465100 ms CreateObjectMapping: 0.202900 ms MarkObjects: 2.265200 ms  DeleteObjects: 0.188500 ms)

AssetImportParameters requested are different than current active one (requested -> active):
  custom:graphics/normal-map-encoding: 01000000000000000000000000000000 -> 02000000000000000000000000000000
========================================================================
Received Import Request.
  Time since last request: 3016.698060 seconds.
  path: ProjectSettings/TagManager.asset
  artifactKey: Guid(00000000000000003000000000000000) Importer(815301076,1909f56bfc062723c751e8b465ee728b)
Start importing ProjectSettings/TagManager.asset using Guid(00000000000000003000000000000000) Importer(815301076,1909f56bfc062723c751e8b465ee728b)  -> (artifact id: '04cb17d8b5b47f45575d7bbee58bc589') in 0.025899 seconds
  Import took 0.032103 seconds .

========================================================================
Received Import Request.
  Time since last request: 80.029062 seconds.
  path: Assets/Scripts/Level Generator.cs
  artifactKey: Guid(9343a4a0395290546a5b3aee9de2e04c) Importer(815301076,1909f56bfc062723c751e8b465ee728b)
Start importing Assets/Scripts/Level Generator.cs using Guid(9343a4a0395290546a5b3aee9de2e04c) Importer(815301076,1909f56bfc062723c751e8b465ee728b)  -> (artifact id: '64b60cdde01db5d789517e76d9a93eed') in 0.008742 seconds
  Import took 0.017123 seconds .

========================================================================
Received Prepare
Registering precompiled user dll's ...
Registered in 0.001819 seconds.
Begin MonoManager ReloadAssembly
Native extension for WindowsStandalone target not found
Native extension for WebGL target not found
Refreshing native plugins compatible for Editor in 0.50 ms, found 1 plugins.
Preloading 0 native plugins for Editor in 0.00 ms.
Mono: successfully reloaded assembly
- Completed reload, in  1.178 seconds
Platform modules already initialized, skipping
Switching build target platform(5) subTarget(0) extendedPlatform(0) -> platform(13) subTarget(537395200) extendedPlatform(0)
Shader 'Universal Render Pipeline/Particles/Lit': fallback shader 'Universal Render Pipeline/Particles/SimpleLit' not found
Refreshing native plugins compatible for Editor in 0.58 ms, found 1 plugins.
Preloading 0 native plugins for Editor in 0.00 ms.
Unloading 2870 Unused Serialized files (Serialized files now loaded: 0)
System memory in use before: 126.5 MB.
System memory in use after: 126.6 MB.

Unloading 16 unused Assets to reduce memory usage. Loaded Objects now: 3492.
Total: 3.015600 ms (FindLiveObjects: 0.363300 ms CreateObjectMapping: 0.166200 ms MarkObjects: 2.296500 ms  DeleteObjects: 0.188500 ms)

AssetImportParameters requested are different than current active one (requested -> active):
  custom:graphics/normal-map-encoding: 01000000000000000000000000000000 -> 02000000000000000000000000000000
========================================================================
Received Import Request.
  Time since last request: 22.349341 seconds.
  path: Assets/Scripts/SafeArea.cs
  artifactKey: Guid(2515d1c1d2ff01f479a5b44bddf5ec92) Importer(815301076,1909f56bfc062723c751e8b465ee728b)
Start importing Assets/Scripts/SafeArea.cs using Guid(2515d1c1d2ff01f479a5b44bddf5ec92) Importer(815301076,1909f56bfc062723c751e8b465ee728b)  -> (artifact id: '8cfd94f2c99e66e289d36495e1561ba7') in 0.011841 seconds
  Import took 0.017902 seconds .

========================================================================
Received Import Request.
  Time since last request: 0.002447 seconds.
  path: Assets/Scripts/SafeArea.cs
  artifactKey: Guid(2515d1c1d2ff01f479a5b44bddf5ec92) Importer(815301076,1909f56bfc062723c751e8b465ee728b)
Start importing Assets/Scripts/SafeArea.cs using Guid(2515d1c1d2ff01f479a5b44bddf5ec92) Importer(815301076,1909f56bfc062723c751e8b465ee728b)  -> (artifact id: '8cfd94f2c99e66e289d36495e1561ba7') in 0.002913 seconds
  Import took 0.010701 seconds .

========================================================================
Received Import Request.
  Time since last request: 5.598614 seconds.
  path: Assets/Scripts/Movement.cs
  artifactKey: Guid(0d4b05fa600aee4479b75c6579ecc095) Importer(815301076,1909f56bfc062723c751e8b465ee728b)
Start importing Assets/Scripts/Movement.cs using Guid(0d4b05fa600aee4479b75c6579ecc095) Importer(815301076,1909f56bfc062723c751e8b465ee728b)  -> (artifact id: 'abe465c02b783e7ffab0cf834c91a49c') in 0.007938 seconds
  Import took 0.029769 seconds .

========================================================================
Received Import Request.
  Time since last request: 4.277350 seconds.
  path: Assets/Scripts/LineDrawer.cs
  artifactKey: Guid(48a58a7e07d8f1346ba5b529385094c4) Importer(815301076,1909f56bfc062723c751e8b465ee728b)
Start importing Assets/Scripts/LineDrawer.cs using Guid(48a58a7e07d8f1346ba5b529385094c4) Importer(815301076,1909f56bfc062723c751e8b465ee728b)  -> (artifact id: '69cde284b3db368408f78ac7678c8407') in 0.008201 seconds
  Import took 0.014725 seconds .

========================================================================
Received Import Request.
  Time since last request: 0.001327 seconds.
  path: Assets/Scripts/LineDrawer.cs
  artifactKey: Guid(48a58a7e07d8f1346ba5b529385094c4) Importer(815301076,1909f56bfc062723c751e8b465ee728b)
Start importing Assets/Scripts/LineDrawer.cs using Guid(48a58a7e07d8f1346ba5b529385094c4) Importer(815301076,1909f56bfc062723c751e8b465ee728b)  -> (artifact id: '69cde284b3db368408f78ac7678c8407') in 0.002968 seconds
  Import took 0.009826 seconds .

========================================================================
Received Import Request.
  Time since last request: 19.728142 seconds.
  path: Assets/Scripts/GameManager.cs
  artifactKey: Guid(cb09585c979fab548bdeba34675d8733) Importer(815301076,1909f56bfc062723c751e8b465ee728b)
Start importing Assets/Scripts/GameManager.cs using Guid(cb09585c979fab548bdeba34675d8733) Importer(815301076,1909f56bfc062723c751e8b465ee728b)  -> (artifact id: '6116ac45d2fa4fae18860d34a9ef8997') in 0.007172 seconds
  Import took 0.014103 seconds .

========================================================================
Received Import Request.
  Time since last request: 0.000803 seconds.
  path: Assets/Scripts/GameManager.cs
  artifactKey: Guid(cb09585c979fab548bdeba34675d8733) Importer(815301076,1909f56bfc062723c751e8b465ee728b)
Start importing Assets/Scripts/GameManager.cs using Guid(cb09585c979fab548bdeba34675d8733) Importer(815301076,1909f56bfc062723c751e8b465ee728b)  -> (artifact id: '6116ac45d2fa4fae18860d34a9ef8997') in 0.002873 seconds
  Import took 0.009195 seconds .

========================================================================
Received Import Request.
  Time since last request: 0.382812 seconds.
  path: Assets/Scripts/MenuUI.cs
  artifactKey: Guid(851cb154856da4f4098aedc3ba99ca33) Importer(815301076,1909f56bfc062723c751e8b465ee728b)
Start importing Assets/Scripts/MenuUI.cs using Guid(851cb154856da4f4098aedc3ba99ca33) Importer(815301076,1909f56bfc062723c751e8b465ee728b)  -> (artifact id: '097447d105acc3437aa6ee6ecdc1eb0d') in 0.009020 seconds
  Import took 0.014942 seconds .

========================================================================
Received Import Request.
  Time since last request: 0.001160 seconds.
  path: Assets/Scripts/MenuUI.cs
  artifactKey: Guid(851cb154856da4f4098aedc3ba99ca33) Importer(815301076,1909f56bfc062723c751e8b465ee728b)
Start importing Assets/Scripts/MenuUI.cs using Guid(851cb154856da4f4098aedc3ba99ca33) Importer(815301076,1909f56bfc062723c751e8b465ee728b)  -> (artifact id: '097447d105acc3437aa6ee6ecdc1eb0d') in 0.003706 seconds
  Import took 0.010481 seconds .

========================================================================
Received Prepare
Registering precompiled user dll's ...
Registered in 0.002300 seconds.
Begin MonoManager ReloadAssembly
Native extension for WindowsStandalone target not found
Native extension for WebGL target not found
Refreshing native plugins compatible for Editor in 0.53 ms, found 1 plugins.
Preloading 0 native plugins for Editor in 0.00 ms.
Mono: successfully reloaded assembly
- Completed reload, in  1.181 seconds
Platform modules already initialized, skipping
Switching build target platform(5) subTarget(0) extendedPlatform(0) -> platform(13) subTarget(537395200) extendedPlatform(0)
Shader 'Universal Render Pipeline/Particles/Lit': fallback shader 'Universal Render Pipeline/Particles/SimpleLit' not found
Refreshing native plugins compatible for Editor in 0.51 ms, found 1 plugins.
Preloading 0 native plugins for Editor in 0.00 ms.
Unloading 2869 Unused Serialized files (Serialized files now loaded: 0)
System memory in use before: 126.5 MB.
System memory in use after: 126.6 MB.

Unloading 16 unused Assets to reduce memory usage. Loaded Objects now: 3495.
Total: 3.416000 ms (FindLiveObjects: 0.577600 ms CreateObjectMapping: 0.247300 ms MarkObjects: 2.438800 ms  DeleteObjects: 0.150200 ms)

AssetImportParameters requested are different than current active one (requested -> active):
  custom:graphics/normal-map-encoding: 01000000000000000000000000000000 -> 02000000000000000000000000000000
========================================================================
Received Import Request.
  Time since last request: 17.052086 seconds.
  path: Assets/Scripts/LevelGenerato.cs
  artifactKey: Guid(d66cd3f0aaabafe4491f1cd7a07801a3) Importer(815301076,1909f56bfc062723c751e8b465ee728b)
Start importing Assets/Scripts/LevelGenerato.cs using Guid(d66cd3f0aaabafe4491f1cd7a07801a3) Importer(815301076,1909f56bfc062723c751e8b465ee728b)  -> (artifact id: 'fd86dea8f15052f5dbbfa898e0687f86') in 0.010608 seconds
  Import took 0.017256 seconds .

========================================================================
Received Prepare
Registering precompiled user dll's ...
Registered in 0.001967 seconds.
Begin MonoManager ReloadAssembly
Native extension for WindowsStandalone target not found
Native extension for WebGL target not found
Refreshing native plugins compatible for Editor in 0.65 ms, found 1 plugins.
Preloading 0 native plugins for Editor in 0.00 ms.
Mono: successfully reloaded assembly
- Completed reload, in  1.172 seconds
Platform modules already initialized, skipping
Switching build target platform(5) subTarget(0) extendedPlatform(0) -> platform(13) subTarget(537395200) extendedPlatform(0)
Shader 'Universal Render Pipeline/Particles/Lit': fallback shader 'Universal Render Pipeline/Particles/SimpleLit' not found
Refreshing native plugins compatible for Editor in 0.54 ms, found 1 plugins.
Preloading 0 native plugins for Editor in 0.00 ms.
Unloading 2870 Unused Serialized files (Serialized files now loaded: 0)
System memory in use before: 126.5 MB.
System memory in use after: 126.6 MB.

Unloading 15 unused Assets to reduce memory usage. Loaded Objects now: 3500.
Total: 3.083700 ms (FindLiveObjects: 0.538600 ms CreateObjectMapping: 0.209400 ms MarkObjects: 2.169900 ms  DeleteObjects: 0.164400 ms)

AssetImportParameters requested are different than current active one (requested -> active):
  custom:graphics/normal-map-encoding: 01000000000000000000000000000000 -> 02000000000000000000000000000000
========================================================================
Received Prepare
Registering precompiled user dll's ...
Registered in 0.001902 seconds.
Begin MonoManager ReloadAssembly
Native extension for WindowsStandalone target not found
Native extension for WebGL target not found
Refreshing native plugins compatible for Editor in 0.53 ms, found 1 plugins.
Preloading 0 native plugins for Editor in 0.00 ms.
Mono: successfully reloaded assembly
- Completed reload, in  1.147 seconds
Platform modules already initialized, skipping
Switching build target platform(5) subTarget(0) extendedPlatform(0) -> platform(13) subTarget(537395200) extendedPlatform(0)
Shader 'Universal Render Pipeline/Particles/Lit': fallback shader 'Universal Render Pipeline/Particles/SimpleLit' not found
Refreshing native plugins compatible for Editor in 0.64 ms, found 1 plugins.
Preloading 0 native plugins for Editor in 0.00 ms.
Unloading 2870 Unused Serialized files (Serialized files now loaded: 0)
System memory in use before: 126.5 MB.
System memory in use after: 126.6 MB.

Unloading 15 unused Assets to reduce memory usage. Loaded Objects now: 3504.
Total: 3.189200 ms (FindLiveObjects: 0.467300 ms CreateObjectMapping: 0.275500 ms MarkObjects: 2.279300 ms  DeleteObjects: 0.165900 ms)

AssetImportParameters requested are different than current active one (requested -> active):
  custom:graphics/normal-map-encoding: 01000000000000000000000000000000 -> 02000000000000000000000000000000
========================================================================
Received Prepare
Registering precompiled user dll's ...
Registered in 0.002347 seconds.
Begin MonoManager ReloadAssembly
Native extension for WindowsStandalone target not found
Native extension for WebGL target not found
Refreshing native plugins compatible for Editor in 0.51 ms, found 1 plugins.
Preloading 0 native plugins for Editor in 0.00 ms.
Mono: successfully reloaded assembly
- Completed reload, in  1.155 seconds
Platform modules already initialized, skipping
Switching build target platform(5) subTarget(0) extendedPlatform(0) -> platform(13) subTarget(537395200) extendedPlatform(0)
Shader 'Universal Render Pipeline/Particles/Lit': fallback shader 'Universal Render Pipeline/Particles/SimpleLit' not found
Refreshing native plugins compatible for Editor in 0.57 ms, found 1 plugins.
Preloading 0 native plugins for Editor in 0.00 ms.
Unloading 2870 Unused Serialized files (Serialized files now loaded: 0)
System memory in use before: 126.5 MB.
System memory in use after: 126.6 MB.

Unloading 15 unused Assets to reduce memory usage. Loaded Objects now: 3508.
Total: 3.808100 ms (FindLiveObjects: 0.660200 ms CreateObjectMapping: 0.171900 ms MarkObjects: 2.793900 ms  DeleteObjects: 0.180200 ms)

AssetImportParameters requested are different than current active one (requested -> active):
  custom:graphics/normal-map-encoding: 01000000000000000000000000000000 -> 02000000000000000000000000000000
========================================================================
Received Import Request.
  Time since last request: 195.088194 seconds.
  path: Assets/Wall.prefab
  artifactKey: Guid(0ea69b82cc231be41a8736a4f1434fe1) Importer(815301076,1909f56bfc062723c751e8b465ee728b)
Start importing Assets/Wall.prefab using Guid(0ea69b82cc231be41a8736a4f1434fe1) Importer(815301076,1909f56bfc062723c751e8b465ee728b)  -> (artifact id: '2ddb89bf8958f626626237fa1ec6281c') in 0.235807 seconds
  Import took 0.241580 seconds .

========================================================================
Received Import Request.
  Time since last request: 23.397258 seconds.
  path: Assets
  artifactKey: Guid(00000000000000001000000000000000) Importer(815301076,1909f56bfc062723c751e8b465ee728b)
Start importing Assets using Guid(00000000000000001000000000000000) Importer(815301076,1909f56bfc062723c751e8b465ee728b)  -> (artifact id: '025e4f587c23674256bb898581e82961') in 0.009096 seconds
  Import took 0.015008 seconds .

========================================================================
Received Import Request.
  Time since last request: 102.198608 seconds.
  path: Assets/Prefabs/UpWall.prefab
  artifactKey: Guid(e525ff3a493f4564c9904ca1540413c4) Importer(815301076,1909f56bfc062723c751e8b465ee728b)
Start importing Assets/Prefabs/UpWall.prefab using Guid(e525ff3a493f4564c9904ca1540413c4) Importer(815301076,1909f56bfc062723c751e8b465ee728b)  -> (artifact id: 'eee96aa652ab7a4ad1281730b51dbee2') in 0.020387 seconds
  Import took 0.028766 seconds .

========================================================================
Received Import Request.
  Time since last request: 1.904884 seconds.
  path: Assets/Prefabs/BottomWall.prefab
  artifactKey: Guid(b7dc00df8183be249bd4547ba963cf8d) Importer(815301076,1909f56bfc062723c751e8b465ee728b)
Start importing Assets/Prefabs/BottomWall.prefab using Guid(b7dc00df8183be249bd4547ba963cf8d) Importer(815301076,1909f56bfc062723c751e8b465ee728b)  -> (artifact id: '182e52d254e39b6826545eed95642d7c') in 0.015436 seconds
  Import took 0.021814 seconds .

========================================================================
Received Import Request.
  Time since last request: 1.754057 seconds.
  path: Assets/Prefabs/RightWall.prefab
  artifactKey: Guid(75a534c789dd20a45a0e0d59bc6d62d9) Importer(815301076,1909f56bfc062723c751e8b465ee728b)
Start importing Assets/Prefabs/RightWall.prefab using Guid(75a534c789dd20a45a0e0d59bc6d62d9) Importer(815301076,1909f56bfc062723c751e8b465ee728b)  -> (artifact id: '75bf77e26ecf168df8434cd3cfb0ff19') in 0.018613 seconds
  Import took 0.032446 seconds .

========================================================================
Received Import Request.
  Time since last request: 1.680553 seconds.
  path: Assets/Prefabs/LeftWall.prefab
  artifactKey: Guid(3f5059ce9475527488090719edf6299a) Importer(815301076,1909f56bfc062723c751e8b465ee728b)
Start importing Assets/Prefabs/LeftWall.prefab using Guid(3f5059ce9475527488090719edf6299a) Importer(815301076,1909f56bfc062723c751e8b465ee728b)  -> (artifact id: 'd4805ea6aa9936895fe1c5cdd85463ba') in 0.015772 seconds
  Import took 0.021115 seconds .

========================================================================
Received Prepare
Registering precompiled user dll's ...
Registered in 0.002664 seconds.
Begin MonoManager ReloadAssembly
Native extension for WindowsStandalone target not found
Native extension for WebGL target not found
Refreshing native plugins compatible for Editor in 0.79 ms, found 1 plugins.
Preloading 0 native plugins for Editor in 0.00 ms.
Mono: successfully reloaded assembly
- Completed reload, in  1.316 seconds
Platform modules already initialized, skipping
Switching build target platform(5) subTarget(0) extendedPlatform(0) -> platform(13) subTarget(537395200) extendedPlatform(0)
Shader 'Universal Render Pipeline/Particles/Lit': fallback shader 'Universal Render Pipeline/Particles/SimpleLit' not found
Refreshing native plugins compatible for Editor in 0.52 ms, found 1 plugins.
Preloading 0 native plugins for Editor in 0.00 ms.
Unloading 2871 Unused Serialized files (Serialized files now loaded: 0)
System memory in use before: 128.7 MB.
System memory in use after: 128.8 MB.

Unloading 15 unused Assets to reduce memory usage. Loaded Objects now: 3556.
Total: 3.526600 ms (FindLiveObjects: 0.409500 ms CreateObjectMapping: 0.189100 ms MarkObjects: 2.737800 ms  DeleteObjects: 0.188900 ms)

AssetImportParameters requested are different than current active one (requested -> active):
  custom:graphics/normal-map-encoding: 01000000000000000000000000000000 -> 02000000000000000000000000000000
========================================================================
Received Prepare
Registering precompiled user dll's ...
Registered in 0.001892 seconds.
Begin MonoManager ReloadAssembly
Native extension for WindowsStandalone target not found
Native extension for WebGL target not found
Refreshing native plugins compatible for Editor in 0.53 ms, found 1 plugins.
Preloading 0 native plugins for Editor in 0.00 ms.
Mono: successfully reloaded assembly
- Completed reload, in  1.256 seconds
Platform modules already initialized, skipping
Switching build target platform(5) subTarget(0) extendedPlatform(0) -> platform(13) subTarget(537395200) extendedPlatform(0)
Shader 'Universal Render Pipeline/Particles/Lit': fallback shader 'Universal Render Pipeline/Particles/SimpleLit' not found
Refreshing native plugins compatible for Editor in 0.50 ms, found 1 plugins.
Preloading 0 native plugins for Editor in 0.00 ms.
Unloading 2871 Unused Serialized files (Serialized files now loaded: 0)
System memory in use before: 128.7 MB.
System memory in use after: 128.8 MB.

Unloading 15 unused Assets to reduce memory usage. Loaded Objects now: 3560.
Total: 3.191400 ms (FindLiveObjects: 0.360000 ms CreateObjectMapping: 0.299600 ms MarkObjects: 2.351700 ms  DeleteObjects: 0.178900 ms)

AssetImportParameters requested are different than current active one (requested -> active):
  custom:graphics/normal-map-encoding: 01000000000000000000000000000000 -> 02000000000000000000000000000000
========================================================================
Received Import Request.
  Time since last request: 132.247495 seconds.
  path: Assets/Scripts/Wall.cs
  artifactKey: Guid(ccc82744d7053cd40b2b56d793e6fcd0) Importer(815301076,1909f56bfc062723c751e8b465ee728b)
Start importing Assets/Scripts/Wall.cs using Guid(ccc82744d7053cd40b2b56d793e6fcd0) Importer(815301076,1909f56bfc062723c751e8b465ee728b)  -> (artifact id: 'ac0a0d27ea01974e2434293a1d5e5f31') in 0.006954 seconds
  Import took 0.016083 seconds .

========================================================================
Received Import Request.
  Time since last request: 0.001565 seconds.
  path: Assets/Scripts/Wall.cs
  artifactKey: Guid(ccc82744d7053cd40b2b56d793e6fcd0) Importer(815301076,1909f56bfc062723c751e8b465ee728b)
Start importing Assets/Scripts/Wall.cs using Guid(ccc82744d7053cd40b2b56d793e6fcd0) Importer(815301076,1909f56bfc062723c751e8b465ee728b)  -> (artifact id: 'ac0a0d27ea01974e2434293a1d5e5f31') in 0.003319 seconds
  Import took 0.009708 seconds .

========================================================================
Received Import Request.
  Time since last request: 264.885404 seconds.
  path: Assets/Scripts/Wall.cs
  artifactKey: Guid(ccc82744d7053cd40b2b56d793e6fcd0) Importer(815301076,1909f56bfc062723c751e8b465ee728b)
Start importing Assets/Scripts/Wall.cs using Guid(ccc82744d7053cd40b2b56d793e6fcd0) Importer(815301076,1909f56bfc062723c751e8b465ee728b)  -> (artifact id: 'c3d6401db5dc72dc277deb19d960bd9f') in 0.003421 seconds
  Import took 0.010466 seconds .

========================================================================
Received Import Request.
  Time since last request: 0.086486 seconds.
  path: Assets/Scripts/Wall.cs
  artifactKey: Guid(ccc82744d7053cd40b2b56d793e6fcd0) Importer(815301076,1909f56bfc062723c751e8b465ee728b)
Start importing Assets/Scripts/Wall.cs using Guid(ccc82744d7053cd40b2b56d793e6fcd0) Importer(815301076,1909f56bfc062723c751e8b465ee728b)  -> (artifact id: 'c3d6401db5dc72dc277deb19d960bd9f') in 0.002934 seconds
  Import took 0.011027 seconds .

========================================================================
Received Import Request.
  Time since last request: 106.836513 seconds.
  path: Assets/Scripts/Wall.cs
  artifactKey: Guid(ccc82744d7053cd40b2b56d793e6fcd0) Importer(815301076,1909f56bfc062723c751e8b465ee728b)
Start importing Assets/Scripts/Wall.cs using Guid(ccc82744d7053cd40b2b56d793e6fcd0) Importer(815301076,1909f56bfc062723c751e8b465ee728b)  -> (artifact id: '06b8c3873c890025231899103ecc3f67') in 0.003588 seconds
  Import took 0.011407 seconds .

========================================================================
Received Prepare
Registering precompiled user dll's ...
Registered in 0.002672 seconds.
Begin MonoManager ReloadAssembly
Native extension for WindowsStandalone target not found
Native extension for WebGL target not found
Refreshing native plugins compatible for Editor in 0.52 ms, found 1 plugins.
Preloading 0 native plugins for Editor in 0.00 ms.
Mono: successfully reloaded assembly
- Completed reload, in  1.254 seconds
Platform modules already initialized, skipping
Switching build target platform(5) subTarget(0) extendedPlatform(0) -> platform(13) subTarget(537395200) extendedPlatform(0)
Shader 'Universal Render Pipeline/Particles/Lit': fallback shader 'Universal Render Pipeline/Particles/SimpleLit' not found
Refreshing native plugins compatible for Editor in 0.66 ms, found 1 plugins.
Preloading 0 native plugins for Editor in 0.00 ms.
Unloading 2871 Unused Serialized files (Serialized files now loaded: 0)
System memory in use before: 128.8 MB.
System memory in use after: 128.8 MB.

Unloading 15 unused Assets to reduce memory usage. Loaded Objects now: 3564.
Total: 3.048700 ms (FindLiveObjects: 0.374700 ms CreateObjectMapping: 0.222700 ms MarkObjects: 2.307000 ms  DeleteObjects: 0.143100 ms)

AssetImportParameters requested are different than current active one (requested -> active):
  custom:graphics/normal-map-encoding: 01000000000000000000000000000000 -> 02000000000000000000000000000000
========================================================================
Received Import Request.
  Time since last request: 16.503326 seconds.
  path: Assets/Prefabs/BottomWall.prefab
  artifactKey: Guid(b7dc00df8183be249bd4547ba963cf8d) Importer(815301076,1909f56bfc062723c751e8b465ee728b)
Start importing Assets/Prefabs/BottomWall.prefab using Guid(b7dc00df8183be249bd4547ba963cf8d) Importer(815301076,1909f56bfc062723c751e8b465ee728b)  -> (artifact id: 'ff509988fad8b4507a57b96bee107902') in 0.187957 seconds
  Import took 0.193557 seconds .

========================================================================
Received Import Request.
  Time since last request: 3.744631 seconds.
  path: Assets/Prefabs/LeftWall.prefab
  artifactKey: Guid(3f5059ce9475527488090719edf6299a) Importer(815301076,1909f56bfc062723c751e8b465ee728b)
Start importing Assets/Prefabs/LeftWall.prefab using Guid(3f5059ce9475527488090719edf6299a) Importer(815301076,1909f56bfc062723c751e8b465ee728b)  -> (artifact id: 'c8d2e0f07fb40d94f518ed2b9c18692f') in 0.011316 seconds
  Import took 0.017617 seconds .

========================================================================
Received Import Request.
  Time since last request: 6.386321 seconds.
  path: Assets/Prefabs/RightWall.prefab
  artifactKey: Guid(75a534c789dd20a45a0e0d59bc6d62d9) Importer(815301076,1909f56bfc062723c751e8b465ee728b)
Start importing Assets/Prefabs/RightWall.prefab using Guid(75a534c789dd20a45a0e0d59bc6d62d9) Importer(815301076,1909f56bfc062723c751e8b465ee728b)  -> (artifact id: 'a769f205d0d720a8dbc575f0f4e7b3bf') in 0.010984 seconds
  Import took 0.017778 seconds .

========================================================================
Received Import Request.
  Time since last request: 1.565648 seconds.
  path: Assets/Prefabs/UpWall.prefab
  artifactKey: Guid(e525ff3a493f4564c9904ca1540413c4) Importer(815301076,1909f56bfc062723c751e8b465ee728b)
Start importing Assets/Prefabs/UpWall.prefab using Guid(e525ff3a493f4564c9904ca1540413c4) Importer(815301076,1909f56bfc062723c751e8b465ee728b)  -> (artifact id: 'd7a9d09d383d578e2ebfa8cb3a6f3f67') in 0.011450 seconds
  Import took 0.017366 seconds .

========================================================================
Received Import Request.
  Time since last request: 32.457635 seconds.
  path: Assets/Prefabs/UpWall.prefab
  artifactKey: Guid(e525ff3a493f4564c9904ca1540413c4) Importer(815301076,1909f56bfc062723c751e8b465ee728b)
Start importing Assets/Prefabs/UpWall.prefab using Guid(e525ff3a493f4564c9904ca1540413c4) Importer(815301076,1909f56bfc062723c751e8b465ee728b)  -> (artifact id: '4a25d4b606dfd863b949c6d45851ecef') in 0.010702 seconds
  Import took 0.016382 seconds .

========================================================================
Received Prepare
Registering precompiled user dll's ...
Registered in 0.002214 seconds.
Begin MonoManager ReloadAssembly
Native extension for WindowsStandalone target not found
Native extension for WebGL target not found
Refreshing native plugins compatible for Editor in 0.59 ms, found 1 plugins.
Preloading 0 native plugins for Editor in 0.00 ms.
Mono: successfully reloaded assembly
- Completed reload, in  1.337 seconds
Platform modules already initialized, skipping
Switching build target platform(5) subTarget(0) extendedPlatform(0) -> platform(13) subTarget(537395200) extendedPlatform(0)
Shader 'Universal Render Pipeline/Particles/Lit': fallback shader 'Universal Render Pipeline/Particles/SimpleLit' not found
Refreshing native plugins compatible for Editor in 0.50 ms, found 1 plugins.
Preloading 0 native plugins for Editor in 0.00 ms.
Unloading 2871 Unused Serialized files (Serialized files now loaded: 0)
System memory in use before: 128.9 MB.
System memory in use after: 129.0 MB.

Unloading 15 unused Assets to reduce memory usage. Loaded Objects now: 3604.
Total: 3.083700 ms (FindLiveObjects: 0.376900 ms CreateObjectMapping: 0.217300 ms MarkObjects: 2.311600 ms  DeleteObjects: 0.176700 ms)

AssetImportParameters requested are different than current active one (requested -> active):
  custom:graphics/normal-map-encoding: 01000000000000000000000000000000 -> 02000000000000000000000000000000
========================================================================
Received Import Request.
  Time since last request: 20.599889 seconds.
  path: Assets/Prefabs/BottomWall.prefab
  artifactKey: Guid(b7dc00df8183be249bd4547ba963cf8d) Importer(815301076,1909f56bfc062723c751e8b465ee728b)
Start importing Assets/Prefabs/BottomWall.prefab using Guid(b7dc00df8183be249bd4547ba963cf8d) Importer(815301076,1909f56bfc062723c751e8b465ee728b)  -> (artifact id: 'b2378164020194c85ba63be95656be71') in 0.183545 seconds
  Import took 0.189132 seconds .

========================================================================
Received Prepare
Registering precompiled user dll's ...
Registered in 0.002427 seconds.
Begin MonoManager ReloadAssembly
Native extension for WindowsStandalone target not found
Native extension for WebGL target not found
Refreshing native plugins compatible for Editor in 0.62 ms, found 1 plugins.
Preloading 0 native plugins for Editor in 0.00 ms.
Mono: successfully reloaded assembly
- Completed reload, in  1.480 seconds
Platform modules already initialized, skipping
Switching build target platform(5) subTarget(0) extendedPlatform(0) -> platform(13) subTarget(537395200) extendedPlatform(0)
Shader 'Universal Render Pipeline/Particles/Lit': fallback shader 'Universal Render Pipeline/Particles/SimpleLit' not found
Refreshing native plugins compatible for Editor in 0.62 ms, found 1 plugins.
Preloading 0 native plugins for Editor in 0.00 ms.
Unloading 2871 Unused Serialized files (Serialized files now loaded: 0)
System memory in use before: 129.0 MB.
System memory in use after: 129.1 MB.

Unloading 15 unused Assets to reduce memory usage. Loaded Objects now: 3644.
Total: 3.407100 ms (FindLiveObjects: 0.376500 ms CreateObjectMapping: 0.218100 ms MarkObjects: 2.668500 ms  DeleteObjects: 0.142800 ms)

AssetImportParameters requested are different than current active one (requested -> active):
  custom:graphics/normal-map-encoding: 01000000000000000000000000000000 -> 02000000000000000000000000000000
========================================================================
Received Prepare
Registering precompiled user dll's ...
Registered in 0.002406 seconds.
Begin MonoManager ReloadAssembly
Native extension for WindowsStandalone target not found
Native extension for WebGL target not found
Refreshing native plugins compatible for Editor in 0.50 ms, found 1 plugins.
Preloading 0 native plugins for Editor in 0.00 ms.
Mono: successfully reloaded assembly
- Completed reload, in  1.300 seconds
Platform modules already initialized, skipping
Switching build target platform(5) subTarget(0) extendedPlatform(0) -> platform(13) subTarget(537395200) extendedPlatform(0)
Shader 'Universal Render Pipeline/Particles/Lit': fallback shader 'Universal Render Pipeline/Particles/SimpleLit' not found
Refreshing native plugins compatible for Editor in 0.50 ms, found 1 plugins.
Preloading 0 native plugins for Editor in 0.00 ms.
Unloading 2871 Unused Serialized files (Serialized files now loaded: 0)
System memory in use before: 129.0 MB.
System memory in use after: 129.1 MB.

Unloading 15 unused Assets to reduce memory usage. Loaded Objects now: 3648.
Total: 3.256900 ms (FindLiveObjects: 0.437900 ms CreateObjectMapping: 0.275600 ms MarkObjects: 2.351100 ms  DeleteObjects: 0.191000 ms)

AssetImportParameters requested are different than current active one (requested -> active):
  custom:graphics/normal-map-encoding: 01000000000000000000000000000000 -> 02000000000000000000000000000000
========================================================================
Received Prepare
Registering precompiled user dll's ...
Registered in 0.002305 seconds.
Begin MonoManager ReloadAssembly
Native extension for WindowsStandalone target not found
Native extension for WebGL target not found
Refreshing native plugins compatible for Editor in 0.52 ms, found 1 plugins.
Preloading 0 native plugins for Editor in 0.00 ms.
Mono: successfully reloaded assembly
- Completed reload, in  1.394 seconds
Platform modules already initialized, skipping
Switching build target platform(5) subTarget(0) extendedPlatform(0) -> platform(13) subTarget(537395200) extendedPlatform(0)
Shader 'Universal Render Pipeline/Particles/Lit': fallback shader 'Universal Render Pipeline/Particles/SimpleLit' not found
Refreshing native plugins compatible for Editor in 0.65 ms, found 1 plugins.
Preloading 0 native plugins for Editor in 0.00 ms.
Unloading 2871 Unused Serialized files (Serialized files now loaded: 0)
System memory in use before: 129.0 MB.
System memory in use after: 129.1 MB.

Unloading 15 unused Assets to reduce memory usage. Loaded Objects now: 3652.
Total: 3.970100 ms (FindLiveObjects: 0.449800 ms CreateObjectMapping: 0.240600 ms MarkObjects: 3.125000 ms  DeleteObjects: 0.153100 ms)

AssetImportParameters requested are different than current active one (requested -> active):
  custom:graphics/normal-map-encoding: 01000000000000000000000000000000 -> 02000000000000000000000000000000
========================================================================
Received Prepare
Registering precompiled user dll's ...
Registered in 0.002680 seconds.
Begin MonoManager ReloadAssembly
Native extension for WindowsStandalone target not found
Native extension for WebGL target not found
Refreshing native plugins compatible for Editor in 0.61 ms, found 1 plugins.
Preloading 0 native plugins for Editor in 0.00 ms.
Mono: successfully reloaded assembly
- Completed reload, in  1.488 seconds
Platform modules already initialized, skipping
Switching build target platform(5) subTarget(0) extendedPlatform(0) -> platform(13) subTarget(537395200) extendedPlatform(0)
Shader 'Universal Render Pipeline/Particles/Lit': fallback shader 'Universal Render Pipeline/Particles/SimpleLit' not found
Refreshing native plugins compatible for Editor in 0.49 ms, found 1 plugins.
Preloading 0 native plugins for Editor in 0.00 ms.
Unloading 2871 Unused Serialized files (Serialized files now loaded: 0)
System memory in use before: 129.0 MB.
System memory in use after: 129.1 MB.

Unloading 15 unused Assets to reduce memory usage. Loaded Objects now: 3656.
Total: 3.294500 ms (FindLiveObjects: 0.422700 ms CreateObjectMapping: 0.182500 ms MarkObjects: 2.475000 ms  DeleteObjects: 0.213100 ms)

AssetImportParameters requested are different than current active one (requested -> active):
  custom:graphics/normal-map-encoding: 01000000000000000000000000000000 -> 02000000000000000000000000000000
========================================================================
Received Prepare
Registering precompiled user dll's ...
Registered in 0.002321 seconds.
Begin MonoManager ReloadAssembly
Native extension for WindowsStandalone target not found
Native extension for WebGL target not found
Refreshing native plugins compatible for Editor in 0.65 ms, found 1 plugins.
Preloading 0 native plugins for Editor in 0.00 ms.
Mono: successfully reloaded assembly
- Completed reload, in  1.267 seconds
Platform modules already initialized, skipping
Switching build target platform(5) subTarget(0) extendedPlatform(0) -> platform(13) subTarget(537395200) extendedPlatform(0)
Shader 'Universal Render Pipeline/Particles/Lit': fallback shader 'Universal Render Pipeline/Particles/SimpleLit' not found
Refreshing native plugins compatible for Editor in 0.59 ms, found 1 plugins.
Preloading 0 native plugins for Editor in 0.00 ms.
Unloading 2871 Unused Serialized files (Serialized files now loaded: 0)
System memory in use before: 129.1 MB.
System memory in use after: 129.2 MB.

Unloading 15 unused Assets to reduce memory usage. Loaded Objects now: 3660.
Total: 3.634700 ms (FindLiveObjects: 0.405500 ms CreateObjectMapping: 0.226100 ms MarkObjects: 2.854800 ms  DeleteObjects: 0.146500 ms)

AssetImportParameters requested are different than current active one (requested -> active):
  custom:graphics/normal-map-encoding: 01000000000000000000000000000000 -> 02000000000000000000000000000000
========================================================================
Received Import Request.
  Time since last request: 171.114151 seconds.
  path: Assets/Prefabs/Level 1.prefab
  artifactKey: Guid(67f2e8bc89f91374fb0fd2ef581d0fe4) Importer(815301076,1909f56bfc062723c751e8b465ee728b)
Start importing Assets/Prefabs/Level 1.prefab using Guid(67f2e8bc89f91374fb0fd2ef581d0fe4) Importer(815301076,1909f56bfc062723c751e8b465ee728b)  -> (artifact id: '56f412952cd7dde8597e90520a17eac6') in 0.234692 seconds
  Import took 0.241349 seconds .

========================================================================
Received Import Request.
  Time since last request: 33.659553 seconds.
  path: Assets/Scenes/Boran.unity
  artifactKey: Guid(9775aa26769c8ee418d8ad6da191731d) Importer(815301076,1909f56bfc062723c751e8b465ee728b)
Start importing Assets/Scenes/Boran.unity using Guid(9775aa26769c8ee418d8ad6da191731d) Importer(815301076,1909f56bfc062723c751e8b465ee728b)  -> (artifact id: '021111e91b9f7acb3b0690d21c181489') in 0.009363 seconds
  Import took 0.016307 seconds .

========================================================================
Received Import Request.
  Time since last request: 0.000849 seconds.
  path: Assets/Scenes/Boran.unity
  artifactKey: Guid(9775aa26769c8ee418d8ad6da191731d) Importer(815301076,1909f56bfc062723c751e8b465ee728b)
Start importing Assets/Scenes/Boran.unity using Guid(9775aa26769c8ee418d8ad6da191731d) Importer(815301076,1909f56bfc062723c751e8b465ee728b)  -> (artifact id: '021111e91b9f7acb3b0690d21c181489') in 0.002711 seconds
  Import took 0.009400 seconds .

========================================================================
Received Import Request.
  Time since last request: 10.950941 seconds.
  path: Assets/Scenes/Game.unity
  artifactKey: Guid(2cda990e2423bbf4892e6590ba056729) Importer(815301076,1909f56bfc062723c751e8b465ee728b)
Start importing Assets/Scenes/Game.unity using Guid(2cda990e2423bbf4892e6590ba056729) Importer(815301076,1909f56bfc062723c751e8b465ee728b)  -> (artifact id: '052ac3d6a08ab6fa603db93f40e54d57') in 0.008650 seconds
  Import took 0.015232 seconds .

========================================================================
Received Import Request.
  Time since last request: 33.290262 seconds.
  path: Assets/Background.prefab
  artifactKey: Guid(d8ab162f7c49fd74a9e9f5f0bf4f423c) Importer(815301076,1909f56bfc062723c751e8b465ee728b)
Start importing Assets/Background.prefab using Guid(d8ab162f7c49fd74a9e9f5f0bf4f423c) Importer(815301076,1909f56bfc062723c751e8b465ee728b)  -> (artifact id: '51e5fd3f4a7d5ea99407fb9031515e36') in 0.019101 seconds
  Import took 0.024324 seconds .

========================================================================
Received Import Request.
  Time since last request: 2.634063 seconds.
  path: Assets/Sides.prefab
  artifactKey: Guid(e440de4f98078ab4a9304771011e032f) Importer(815301076,1909f56bfc062723c751e8b465ee728b)
Start importing Assets/Sides.prefab using Guid(e440de4f98078ab4a9304771011e032f) Importer(815301076,1909f56bfc062723c751e8b465ee728b)  -> (artifact id: '65c712298c144e3a3f1b7bd3ff0898ce') in 0.010019 seconds
  Import took 0.015426 seconds .

========================================================================
Received Import Request.
  Time since last request: 3.290582 seconds.
  path: Assets/Scenes/Game.unity
  artifactKey: Guid(2cda990e2423bbf4892e6590ba056729) Importer(815301076,1909f56bfc062723c751e8b465ee728b)
Start importing Assets/Scenes/Game.unity using Guid(2cda990e2423bbf4892e6590ba056729) Importer(815301076,1909f56bfc062723c751e8b465ee728b)  -> (artifact id: '437e36a7c3f44cde7d116dcbd21d35b5') in 0.003494 seconds
  Import took 0.009880 seconds .

========================================================================
Received Import Request.
  Time since last request: 53.393436 seconds.
  path: Assets/Scenes/Boran.unity
  artifactKey: Guid(9775aa26769c8ee418d8ad6da191731d) Importer(815301076,1909f56bfc062723c751e8b465ee728b)
Start importing Assets/Scenes/Boran.unity using Guid(9775aa26769c8ee418d8ad6da191731d) Importer(815301076,1909f56bfc062723c751e8b465ee728b)  -> (artifact id: 'af0f6e3415d1ed72c42268398d885fff') in 0.003588 seconds
  Import took 0.010232 seconds .

========================================================================
Received Import Request.
  Time since last request: 21.152833 seconds.
  path: Assets/Prefabs/Levels
  artifactKey: Guid(fb75409661eefee49be263b6779dd99e) Importer(815301076,1909f56bfc062723c751e8b465ee728b)
Start importing Assets/Prefabs/Levels using Guid(fb75409661eefee49be263b6779dd99e) Importer(815301076,1909f56bfc062723c751e8b465ee728b)  -> (artifact id: '7c049216e2b4e2a0e736d62b7be25c97') in 0.008894 seconds
  Import took 0.015256 seconds .

========================================================================
Received Import Request.
  Time since last request: 0.000948 seconds.
  path: Assets/Prefabs/Levels
  artifactKey: Guid(fb75409661eefee49be263b6779dd99e) Importer(815301076,1909f56bfc062723c751e8b465ee728b)
Start importing Assets/Prefabs/Levels using Guid(fb75409661eefee49be263b6779dd99e) Importer(815301076,1909f56bfc062723c751e8b465ee728b)  -> (artifact id: '7c049216e2b4e2a0e736d62b7be25c97') in 0.003125 seconds
  Import took 0.009044 seconds .

========================================================================
Received Import Request.
  Time since last request: 20.195800 seconds.
  path: Assets/Scenes/Boran.unity
  artifactKey: Guid(9775aa26769c8ee418d8ad6da191731d) Importer(815301076,1909f56bfc062723c751e8b465ee728b)
Start importing Assets/Scenes/Boran.unity using Guid(9775aa26769c8ee418d8ad6da191731d) Importer(815301076,1909f56bfc062723c751e8b465ee728b)  -> (artifact id: '4db366cbbf58063ce152b4d1fc1251bc') in 0.003532 seconds
  Import took 0.010206 seconds .

========================================================================
Received Import Request.
  Time since last request: 5.765536 seconds.
  path: Assets/Anthill.prefab
  artifactKey: Guid(2b337810fa14e8a4bb5662b40e7e338d) Importer(815301076,1909f56bfc062723c751e8b465ee728b)
Start importing Assets/Anthill.prefab using Guid(2b337810fa14e8a4bb5662b40e7e338d) Importer(815301076,1909f56bfc062723c751e8b465ee728b)  -> (artifact id: 'f5d4f29e6719d2e2c77dadfcef9209c7') in 0.020049 seconds
  Import took 0.026100 seconds .

AssetImportWorkerClient::OnTransportError - code=2 error=End of file
